ERROR 2025-09-02 01:42:25,207 error_tracking 1130032 139976117620736 Unhandled exception in /ru/: django/forms/widgets/text.html
Traceback (most recent call last):
  File "/var/www/aprm.kz/venv/lib/python3.10/site-packages/django/template/backends/django.py", line 61, in render
    return self.template.render(context)
  File "/var/www/aprm.kz/venv/lib/python3.10/site-packages/django/template/base.py", line 175, in render
    return self._render(context)
  File "/var/www/aprm.kz/venv/lib/python3.10/site-packages/django/template/base.py", line 167, in _render
    return self.nodelist.render(context)
  File "/var/www/aprm.kz/venv/lib/python3.10/site-packages/django/template/base.py", line 1005, in render
    return SafeString("".join([node.render_annotated(context) for node in self]))
  File "/var/www/aprm.kz/venv/lib/python3.10/site-packages/django/template/base.py", line 1005, in <listcomp>
    return SafeString("".join([node.render_annotated(context) for node in self]))
  File "/var/www/aprm.kz/venv/lib/python3.10/site-packages/django/template/base.py", line 966, in render_annotated
    return self.render(context)
  File "/var/www/aprm.kz/venv/lib/python3.10/site-packages/django/template/defaulttags.py", line 321, in render
    return nodelist.render(context)
  File "/var/www/aprm.kz/venv/lib/python3.10/site-packages/django/template/base.py", line 1005, in render
    return SafeString("".join([node.render_annotated(context) for node in self]))
  File "/var/www/aprm.kz/venv/lib/python3.10/site-packages/django/template/base.py", line 1005, in <listcomp>
    return SafeString("".join([node.render_annotated(context) for node in self]))
  File "/var/www/aprm.kz/venv/lib/python3.10/site-packages/django/template/base.py", line 966, in render_annotated
    return self.render(context)
  File "/var/www/aprm.kz/venv/lib/python3.10/site-packages/django/template/base.py", line 1070, in render
    return render_value_in_context(output, context)
  File "/var/www/aprm.kz/venv/lib/python3.10/site-packages/django/template/base.py", line 1047, in render_value_in_context
    value = str(value)
  File "/var/www/aprm.kz/venv/lib/python3.10/site-packages/django/utils/html.py", line 481, in <lambda>
    klass.__str__ = lambda self: mark_safe(klass_str(self))
  File "/var/www/aprm.kz/venv/lib/python3.10/site-packages/django/forms/boundfield.py", line 34, in __str__
    return self.as_widget()
  File "/var/www/aprm.kz/venv/lib/python3.10/site-packages/django/forms/boundfield.py", line 107, in as_widget
    return widget.render(
  File "/var/www/aprm.kz/venv/lib/python3.10/site-packages/django/forms/widgets.py", line 281, in render
    return self._render(self.template_name, context, renderer)
  File "/var/www/aprm.kz/venv/lib/python3.10/site-packages/django/forms/widgets.py", line 286, in _render
    return mark_safe(renderer.render(template_name, context))
  File "/var/www/aprm.kz/venv/lib/python3.10/site-packages/django/forms/renderers.py", line 28, in render
    template = self.get_template(template_name)
  File "/var/www/aprm.kz/venv/lib/python3.10/site-packages/django/forms/renderers.py", line 102, in get_template
    return get_template(template_name)
  File "/var/www/aprm.kz/venv/lib/python3.10/site-packages/django/template/loader.py", line 19, in get_template
    raise TemplateDoesNotExist(template_name, chain=chain)
django.template.exceptions.TemplateDoesNotExist: django/forms/widgets/text.html

The above exception was the direct cause of the following exception:

Traceback (most recent call last):
  File "/var/www/aprm.kz/venv/lib/python3.10/site-packages/django/core/handlers/base.py", line 197, in _get_response
    response = wrapped_callback(request, *callback_args, **callback_kwargs)
  File "/var/www/aprm.kz/venv/lib/python3.10/site-packages/django/utils/decorators.py", line 134, in _wrapper_view
    response = view_func(request, *args, **kwargs)
  File "/var/www/aprm.kz/venv/lib/python3.10/site-packages/django/views/decorators/http.py", line 43, in inner
    return func(request, *args, **kwargs)
  File "/var/www/aprm.kz/myapp/views.py", line 374, in index
    return render(request, 'index.html', context)
  File "/var/www/aprm.kz/venv/lib/python3.10/site-packages/django/shortcuts.py", line 24, in render
    content = loader.render_to_string(template_name, context, request, using=using)
  File "/var/www/aprm.kz/venv/lib/python3.10/site-packages/django/template/loader.py", line 62, in render_to_string
    return template.render(context, request)
  File "/var/www/aprm.kz/venv/lib/python3.10/site-packages/django/template/backends/django.py", line 63, in render
    reraise(exc, self.backend)
  File "/var/www/aprm.kz/venv/lib/python3.10/site-packages/django/template/backends/django.py", line 84, in reraise
    raise new from exc
django.template.exceptions.TemplateDoesNotExist: django/forms/widgets/text.html
ERROR 2025-09-02 01:42:25,277 error_tracking 1130032 139976117620736 Server error 500 for /ru/
ERROR 2025-09-02 01:42:26,849 error_tracking 1130032 139976117620736 Unhandled exception in /ru/: django/forms/widgets/text.html
Traceback (most recent call last):
  File "/var/www/aprm.kz/venv/lib/python3.10/site-packages/django/template/backends/django.py", line 61, in render
    return self.template.render(context)
  File "/var/www/aprm.kz/venv/lib/python3.10/site-packages/django/template/base.py", line 175, in render
    return self._render(context)
  File "/var/www/aprm.kz/venv/lib/python3.10/site-packages/django/template/base.py", line 167, in _render
    return self.nodelist.render(context)
  File "/var/www/aprm.kz/venv/lib/python3.10/site-packages/django/template/base.py", line 1005, in render
    return SafeString("".join([node.render_annotated(context) for node in self]))
  File "/var/www/aprm.kz/venv/lib/python3.10/site-packages/django/template/base.py", line 1005, in <listcomp>
    return SafeString("".join([node.render_annotated(context) for node in self]))
  File "/var/www/aprm.kz/venv/lib/python3.10/site-packages/django/template/base.py", line 966, in render_annotated
    return self.render(context)
  File "/var/www/aprm.kz/venv/lib/python3.10/site-packages/django/template/defaulttags.py", line 321, in render
    return nodelist.render(context)
  File "/var/www/aprm.kz/venv/lib/python3.10/site-packages/django/template/base.py", line 1005, in render
    return SafeString("".join([node.render_annotated(context) for node in self]))
  File "/var/www/aprm.kz/venv/lib/python3.10/site-packages/django/template/base.py", line 1005, in <listcomp>
    return SafeString("".join([node.render_annotated(context) for node in self]))
  File "/var/www/aprm.kz/venv/lib/python3.10/site-packages/django/template/base.py", line 966, in render_annotated
    return self.render(context)
  File "/var/www/aprm.kz/venv/lib/python3.10/site-packages/django/template/base.py", line 1070, in render
    return render_value_in_context(output, context)
  File "/var/www/aprm.kz/venv/lib/python3.10/site-packages/django/template/base.py", line 1047, in render_value_in_context
    value = str(value)
  File "/var/www/aprm.kz/venv/lib/python3.10/site-packages/django/utils/html.py", line 481, in <lambda>
    klass.__str__ = lambda self: mark_safe(klass_str(self))
  File "/var/www/aprm.kz/venv/lib/python3.10/site-packages/django/forms/boundfield.py", line 34, in __str__
    return self.as_widget()
  File "/var/www/aprm.kz/venv/lib/python3.10/site-packages/django/forms/boundfield.py", line 107, in as_widget
    return widget.render(
  File "/var/www/aprm.kz/venv/lib/python3.10/site-packages/django/forms/widgets.py", line 281, in render
    return self._render(self.template_name, context, renderer)
  File "/var/www/aprm.kz/venv/lib/python3.10/site-packages/django/forms/widgets.py", line 286, in _render
    return mark_safe(renderer.render(template_name, context))
  File "/var/www/aprm.kz/venv/lib/python3.10/site-packages/django/forms/renderers.py", line 28, in render
    template = self.get_template(template_name)
  File "/var/www/aprm.kz/venv/lib/python3.10/site-packages/django/forms/renderers.py", line 102, in get_template
    return get_template(template_name)
  File "/var/www/aprm.kz/venv/lib/python3.10/site-packages/django/template/loader.py", line 19, in get_template
    raise TemplateDoesNotExist(template_name, chain=chain)
django.template.exceptions.TemplateDoesNotExist: django/forms/widgets/text.html

The above exception was the direct cause of the following exception:

Traceback (most recent call last):
  File "/var/www/aprm.kz/venv/lib/python3.10/site-packages/django/core/handlers/base.py", line 197, in _get_response
    response = wrapped_callback(request, *callback_args, **callback_kwargs)
  File "/var/www/aprm.kz/venv/lib/python3.10/site-packages/django/utils/decorators.py", line 134, in _wrapper_view
    response = view_func(request, *args, **kwargs)
  File "/var/www/aprm.kz/venv/lib/python3.10/site-packages/django/views/decorators/http.py", line 43, in inner
    return func(request, *args, **kwargs)
  File "/var/www/aprm.kz/myapp/views.py", line 374, in index
    return render(request, 'index.html', context)
  File "/var/www/aprm.kz/venv/lib/python3.10/site-packages/django/shortcuts.py", line 24, in render
    content = loader.render_to_string(template_name, context, request, using=using)
  File "/var/www/aprm.kz/venv/lib/python3.10/site-packages/django/template/loader.py", line 62, in render_to_string
    return template.render(context, request)
  File "/var/www/aprm.kz/venv/lib/python3.10/site-packages/django/template/backends/django.py", line 63, in render
    reraise(exc, self.backend)
  File "/var/www/aprm.kz/venv/lib/python3.10/site-packages/django/template/backends/django.py", line 84, in reraise
    raise new from exc
django.template.exceptions.TemplateDoesNotExist: django/forms/widgets/text.html
ERROR 2025-09-02 01:42:26,902 error_tracking 1130032 139976117620736 Server error 500 for /ru/
ERROR 2025-09-02 01:42:55,578 error_tracking 1130033 139976117620736 Unhandled exception in /ru/: django/forms/widgets/text.html
Traceback (most recent call last):
  File "/var/www/aprm.kz/venv/lib/python3.10/site-packages/django/template/backends/django.py", line 61, in render
    return self.template.render(context)
  File "/var/www/aprm.kz/venv/lib/python3.10/site-packages/django/template/base.py", line 175, in render
    return self._render(context)
  File "/var/www/aprm.kz/venv/lib/python3.10/site-packages/django/template/base.py", line 167, in _render
    return self.nodelist.render(context)
  File "/var/www/aprm.kz/venv/lib/python3.10/site-packages/django/template/base.py", line 1005, in render
    return SafeString("".join([node.render_annotated(context) for node in self]))
  File "/var/www/aprm.kz/venv/lib/python3.10/site-packages/django/template/base.py", line 1005, in <listcomp>
    return SafeString("".join([node.render_annotated(context) for node in self]))
  File "/var/www/aprm.kz/venv/lib/python3.10/site-packages/django/template/base.py", line 966, in render_annotated
    return self.render(context)
  File "/var/www/aprm.kz/venv/lib/python3.10/site-packages/django/template/defaulttags.py", line 321, in render
    return nodelist.render(context)
  File "/var/www/aprm.kz/venv/lib/python3.10/site-packages/django/template/base.py", line 1005, in render
    return SafeString("".join([node.render_annotated(context) for node in self]))
  File "/var/www/aprm.kz/venv/lib/python3.10/site-packages/django/template/base.py", line 1005, in <listcomp>
    return SafeString("".join([node.render_annotated(context) for node in self]))
  File "/var/www/aprm.kz/venv/lib/python3.10/site-packages/django/template/base.py", line 966, in render_annotated
    return self.render(context)
  File "/var/www/aprm.kz/venv/lib/python3.10/site-packages/django/template/base.py", line 1070, in render
    return render_value_in_context(output, context)
  File "/var/www/aprm.kz/venv/lib/python3.10/site-packages/django/template/base.py", line 1047, in render_value_in_context
    value = str(value)
  File "/var/www/aprm.kz/venv/lib/python3.10/site-packages/django/utils/html.py", line 481, in <lambda>
    klass.__str__ = lambda self: mark_safe(klass_str(self))
  File "/var/www/aprm.kz/venv/lib/python3.10/site-packages/django/forms/boundfield.py", line 34, in __str__
    return self.as_widget()
  File "/var/www/aprm.kz/venv/lib/python3.10/site-packages/django/forms/boundfield.py", line 107, in as_widget
    return widget.render(
  File "/var/www/aprm.kz/venv/lib/python3.10/site-packages/django/forms/widgets.py", line 281, in render
    return self._render(self.template_name, context, renderer)
  File "/var/www/aprm.kz/venv/lib/python3.10/site-packages/django/forms/widgets.py", line 286, in _render
    return mark_safe(renderer.render(template_name, context))
  File "/var/www/aprm.kz/venv/lib/python3.10/site-packages/django/forms/renderers.py", line 28, in render
    template = self.get_template(template_name)
  File "/var/www/aprm.kz/venv/lib/python3.10/site-packages/django/forms/renderers.py", line 102, in get_template
    return get_template(template_name)
  File "/var/www/aprm.kz/venv/lib/python3.10/site-packages/django/template/loader.py", line 19, in get_template
    raise TemplateDoesNotExist(template_name, chain=chain)
django.template.exceptions.TemplateDoesNotExist: django/forms/widgets/text.html

The above exception was the direct cause of the following exception:

Traceback (most recent call last):
  File "/var/www/aprm.kz/venv/lib/python3.10/site-packages/django/core/handlers/base.py", line 197, in _get_response
    response = wrapped_callback(request, *callback_args, **callback_kwargs)
  File "/var/www/aprm.kz/venv/lib/python3.10/site-packages/django/utils/decorators.py", line 134, in _wrapper_view
    response = view_func(request, *args, **kwargs)
  File "/var/www/aprm.kz/venv/lib/python3.10/site-packages/django/views/decorators/http.py", line 43, in inner
    return func(request, *args, **kwargs)
  File "/var/www/aprm.kz/myapp/views.py", line 374, in index
    return render(request, 'index.html', context)
  File "/var/www/aprm.kz/venv/lib/python3.10/site-packages/django/shortcuts.py", line 24, in render
    content = loader.render_to_string(template_name, context, request, using=using)
  File "/var/www/aprm.kz/venv/lib/python3.10/site-packages/django/template/loader.py", line 62, in render_to_string
    return template.render(context, request)
  File "/var/www/aprm.kz/venv/lib/python3.10/site-packages/django/template/backends/django.py", line 63, in render
    reraise(exc, self.backend)
  File "/var/www/aprm.kz/venv/lib/python3.10/site-packages/django/template/backends/django.py", line 84, in reraise
    raise new from exc
django.template.exceptions.TemplateDoesNotExist: django/forms/widgets/text.html
ERROR 2025-09-02 01:42:55,652 error_tracking 1130033 139976117620736 Server error 500 for /ru/
ERROR 2025-09-02 01:43:58,191 error_tracking 1130031 139976117620736 Unhandled exception in /ru/admin/myapp/specialist/: django/forms/widgets/select.html
Traceback (most recent call last):
  File "/var/www/aprm.kz/venv/lib/python3.10/site-packages/django/template/backends/django.py", line 61, in render
    return self.template.render(context)
  File "/var/www/aprm.kz/venv/lib/python3.10/site-packages/django/template/base.py", line 175, in render
    return self._render(context)
  File "/var/www/aprm.kz/venv/lib/python3.10/site-packages/django/template/base.py", line 167, in _render
    return self.nodelist.render(context)
  File "/var/www/aprm.kz/venv/lib/python3.10/site-packages/django/template/base.py", line 1005, in render
    return SafeString("".join([node.render_annotated(context) for node in self]))
  File "/var/www/aprm.kz/venv/lib/python3.10/site-packages/django/template/base.py", line 1005, in <listcomp>
    return SafeString("".join([node.render_annotated(context) for node in self]))
  File "/var/www/aprm.kz/venv/lib/python3.10/site-packages/django/template/base.py", line 966, in render_annotated
    return self.render(context)
  File "/var/www/aprm.kz/venv/lib/python3.10/site-packages/django/template/loader_tags.py", line 157, in render
    return compiled_parent._render(context)
  File "/var/www/aprm.kz/venv/lib/python3.10/site-packages/django/template/base.py", line 167, in _render
    return self.nodelist.render(context)
  File "/var/www/aprm.kz/venv/lib/python3.10/site-packages/django/template/base.py", line 1005, in render
    return SafeString("".join([node.render_annotated(context) for node in self]))
  File "/var/www/aprm.kz/venv/lib/python3.10/site-packages/django/template/base.py", line 1005, in <listcomp>
    return SafeString("".join([node.render_annotated(context) for node in self]))
  File "/var/www/aprm.kz/venv/lib/python3.10/site-packages/django/template/base.py", line 966, in render_annotated
    return self.render(context)
  File "/var/www/aprm.kz/venv/lib/python3.10/site-packages/django/template/loader_tags.py", line 157, in render
    return compiled_parent._render(context)
  File "/var/www/aprm.kz/venv/lib/python3.10/site-packages/django/template/base.py", line 167, in _render
    return self.nodelist.render(context)
  File "/var/www/aprm.kz/venv/lib/python3.10/site-packages/django/template/base.py", line 1005, in render
    return SafeString("".join([node.render_annotated(context) for node in self]))
  File "/var/www/aprm.kz/venv/lib/python3.10/site-packages/django/template/base.py", line 1005, in <listcomp>
    return SafeString("".join([node.render_annotated(context) for node in self]))
  File "/var/www/aprm.kz/venv/lib/python3.10/site-packages/django/template/base.py", line 966, in render_annotated
    return self.render(context)
  File "/var/www/aprm.kz/venv/lib/python3.10/site-packages/django/template/loader_tags.py", line 157, in render
    return compiled_parent._render(context)
  File "/var/www/aprm.kz/venv/lib/python3.10/site-packages/django/template/base.py", line 167, in _render
    return self.nodelist.render(context)
  File "/var/www/aprm.kz/venv/lib/python3.10/site-packages/django/template/base.py", line 1005, in render
    return SafeString("".join([node.render_annotated(context) for node in self]))
  File "/var/www/aprm.kz/venv/lib/python3.10/site-packages/django/template/base.py", line 1005, in <listcomp>
    return SafeString("".join([node.render_annotated(context) for node in self]))
  File "/var/www/aprm.kz/venv/lib/python3.10/site-packages/django/template/base.py", line 966, in render_annotated
    return self.render(context)
  File "/var/www/aprm.kz/venv/lib/python3.10/site-packages/django/template/loader_tags.py", line 157, in render
    return compiled_parent._render(context)
  File "/var/www/aprm.kz/venv/lib/python3.10/site-packages/django/template/base.py", line 167, in _render
    return self.nodelist.render(context)
  File "/var/www/aprm.kz/venv/lib/python3.10/site-packages/django/template/base.py", line 1005, in render
    return SafeString("".join([node.render_annotated(context) for node in self]))
  File "/var/www/aprm.kz/venv/lib/python3.10/site-packages/django/template/base.py", line 1005, in <listcomp>
    return SafeString("".join([node.render_annotated(context) for node in self]))
  File "/var/www/aprm.kz/venv/lib/python3.10/site-packages/django/template/base.py", line 966, in render_annotated
    return self.render(context)
  File "/var/www/aprm.kz/venv/lib/python3.10/site-packages/django/template/loader_tags.py", line 63, in render
    result = block.nodelist.render(context)
  File "/var/www/aprm.kz/venv/lib/python3.10/site-packages/django/template/base.py", line 1005, in render
    return SafeString("".join([node.render_annotated(context) for node in self]))
  File "/var/www/aprm.kz/venv/lib/python3.10/site-packages/django/template/base.py", line 1005, in <listcomp>
    return SafeString("".join([node.render_annotated(context) for node in self]))
  File "/var/www/aprm.kz/venv/lib/python3.10/site-packages/django/template/base.py", line 966, in render_annotated
    return self.render(context)
  File "/var/www/aprm.kz/venv/lib/python3.10/site-packages/django/template/loader_tags.py", line 63, in render
    result = block.nodelist.render(context)
  File "/var/www/aprm.kz/venv/lib/python3.10/site-packages/django/template/base.py", line 1005, in render
    return SafeString("".join([node.render_annotated(context) for node in self]))
  File "/var/www/aprm.kz/venv/lib/python3.10/site-packages/django/template/base.py", line 1005, in <listcomp>
    return SafeString("".join([node.render_annotated(context) for node in self]))
  File "/var/www/aprm.kz/venv/lib/python3.10/site-packages/django/template/base.py", line 966, in render_annotated
    return self.render(context)
  File "/var/www/aprm.kz/venv/lib/python3.10/site-packages/django/template/defaulttags.py", line 321, in render
    return nodelist.render(context)
  File "/var/www/aprm.kz/venv/lib/python3.10/site-packages/django/template/base.py", line 1005, in render
    return SafeString("".join([node.render_annotated(context) for node in self]))
  File "/var/www/aprm.kz/venv/lib/python3.10/site-packages/django/template/base.py", line 1005, in <listcomp>
    return SafeString("".join([node.render_annotated(context) for node in self]))
  File "/var/www/aprm.kz/venv/lib/python3.10/site-packages/django/template/base.py", line 966, in render_annotated
    return self.render(context)
  File "/var/www/aprm.kz/venv/lib/python3.10/site-packages/django/contrib/admin/templatetags/base.py", line 45, in render
    return super().render(context)
  File "/var/www/aprm.kz/venv/lib/python3.10/site-packages/django/template/library.py", line 278, in render
    return t.render(new_context)
  File "/var/www/aprm.kz/venv/lib/python3.10/site-packages/django/template/base.py", line 177, in render
    return self._render(context)
  File "/var/www/aprm.kz/venv/lib/python3.10/site-packages/django/template/base.py", line 167, in _render
    return self.nodelist.render(context)
  File "/var/www/aprm.kz/venv/lib/python3.10/site-packages/django/template/base.py", line 1005, in render
    return SafeString("".join([node.render_annotated(context) for node in self]))
  File "/var/www/aprm.kz/venv/lib/python3.10/site-packages/django/template/base.py", line 1005, in <listcomp>
    return SafeString("".join([node.render_annotated(context) for node in self]))
  File "/var/www/aprm.kz/venv/lib/python3.10/site-packages/django/template/base.py", line 966, in render_annotated
    return self.render(context)
  File "/var/www/aprm.kz/venv/lib/python3.10/site-packages/django/template/loader_tags.py", line 54, in render
    result = self.nodelist.render(context)
  File "/var/www/aprm.kz/venv/lib/python3.10/site-packages/django/template/base.py", line 1005, in render
    return SafeString("".join([node.render_annotated(context) for node in self]))
  File "/var/www/aprm.kz/venv/lib/python3.10/site-packages/django/template/base.py", line 1005, in <listcomp>
    return SafeString("".join([node.render_annotated(context) for node in self]))
  File "/var/www/aprm.kz/venv/lib/python3.10/site-packages/django/template/base.py", line 966, in render_annotated
    return self.render(context)
  File "/var/www/aprm.kz/venv/lib/python3.10/site-packages/django/template/loader_tags.py", line 54, in render
    result = self.nodelist.render(context)
  File "/var/www/aprm.kz/venv/lib/python3.10/site-packages/django/template/base.py", line 1005, in render
    return SafeString("".join([node.render_annotated(context) for node in self]))
  File "/var/www/aprm.kz/venv/lib/python3.10/site-packages/django/template/base.py", line 1005, in <listcomp>
    return SafeString("".join([node.render_annotated(context) for node in self]))
  File "/var/www/aprm.kz/venv/lib/python3.10/site-packages/django/template/base.py", line 966, in render_annotated
    return self.render(context)
  File "/var/www/aprm.kz/venv/lib/python3.10/site-packages/django/template/defaulttags.py", line 238, in render
    nodelist.append(node.render_annotated(context))
  File "/var/www/aprm.kz/venv/lib/python3.10/site-packages/django/template/base.py", line 966, in render_annotated
    return self.render(context)
  File "/var/www/aprm.kz/venv/lib/python3.10/site-packages/django/template/defaulttags.py", line 321, in render
    return nodelist.render(context)
  File "/var/www/aprm.kz/venv/lib/python3.10/site-packages/django/template/base.py", line 1005, in render
    return SafeString("".join([node.render_annotated(context) for node in self]))
  File "/var/www/aprm.kz/venv/lib/python3.10/site-packages/django/template/base.py", line 1005, in <listcomp>
    return SafeString("".join([node.render_annotated(context) for node in self]))
  File "/var/www/aprm.kz/venv/lib/python3.10/site-packages/django/template/base.py", line 966, in render_annotated
    return self.render(context)
  File "/var/www/aprm.kz/venv/lib/python3.10/site-packages/django/template/base.py", line 1070, in render
    return render_value_in_context(output, context)
  File "/var/www/aprm.kz/venv/lib/python3.10/site-packages/django/template/base.py", line 1047, in render_value_in_context
    value = str(value)
  File "/var/www/aprm.kz/venv/lib/python3.10/site-packages/django/utils/html.py", line 481, in <lambda>
    klass.__str__ = lambda self: mark_safe(klass_str(self))
  File "/var/www/aprm.kz/venv/lib/python3.10/site-packages/django/forms/boundfield.py", line 34, in __str__
    return self.as_widget()
  File "/var/www/aprm.kz/venv/lib/python3.10/site-packages/django/forms/boundfield.py", line 107, in as_widget
    return widget.render(
  File "/var/www/aprm.kz/venv/lib/python3.10/site-packages/django/forms/widgets.py", line 281, in render
    return self._render(self.template_name, context, renderer)
  File "/var/www/aprm.kz/venv/lib/python3.10/site-packages/django/forms/widgets.py", line 286, in _render
    return mark_safe(renderer.render(template_name, context))
  File "/var/www/aprm.kz/venv/lib/python3.10/site-packages/django/forms/renderers.py", line 28, in render
    template = self.get_template(template_name)
  File "/var/www/aprm.kz/venv/lib/python3.10/site-packages/django/forms/renderers.py", line 102, in get_template
    return get_template(template_name)
  File "/var/www/aprm.kz/venv/lib/python3.10/site-packages/django/template/loader.py", line 19, in get_template
    raise TemplateDoesNotExist(template_name, chain=chain)
django.template.exceptions.TemplateDoesNotExist: django/forms/widgets/select.html

The above exception was the direct cause of the following exception:

Traceback (most recent call last):
  File "/var/www/aprm.kz/venv/lib/python3.10/site-packages/django/core/handlers/base.py", line 220, in _get_response
    response = response.render()
  File "/var/www/aprm.kz/venv/lib/python3.10/site-packages/django/template/response.py", line 114, in render
    self.content = self.rendered_content
  File "/var/www/aprm.kz/venv/lib/python3.10/site-packages/django/template/response.py", line 92, in rendered_content
    return template.render(context, self._request)
  File "/var/www/aprm.kz/venv/lib/python3.10/site-packages/django/template/backends/django.py", line 63, in render
    reraise(exc, self.backend)
  File "/var/www/aprm.kz/venv/lib/python3.10/site-packages/django/template/backends/django.py", line 84, in reraise
    raise new from exc
django.template.exceptions.TemplateDoesNotExist: django/forms/widgets/select.html
ERROR 2025-09-02 01:43:58,244 error_tracking 1130031 139976117620736 Server error 500 for /ru/admin/myapp/specialist/
ERROR 2025-09-02 01:44:02,322 error_tracking 1130032 139976117620736 Unhandled exception in /ru/admin/myapp/specialist/: django/forms/widgets/select.html
Traceback (most recent call last):
  File "/var/www/aprm.kz/venv/lib/python3.10/site-packages/django/template/backends/django.py", line 61, in render
    return self.template.render(context)
  File "/var/www/aprm.kz/venv/lib/python3.10/site-packages/django/template/base.py", line 175, in render
    return self._render(context)
  File "/var/www/aprm.kz/venv/lib/python3.10/site-packages/django/template/base.py", line 167, in _render
    return self.nodelist.render(context)
  File "/var/www/aprm.kz/venv/lib/python3.10/site-packages/django/template/base.py", line 1005, in render
    return SafeString("".join([node.render_annotated(context) for node in self]))
  File "/var/www/aprm.kz/venv/lib/python3.10/site-packages/django/template/base.py", line 1005, in <listcomp>
    return SafeString("".join([node.render_annotated(context) for node in self]))
  File "/var/www/aprm.kz/venv/lib/python3.10/site-packages/django/template/base.py", line 966, in render_annotated
    return self.render(context)
  File "/var/www/aprm.kz/venv/lib/python3.10/site-packages/django/template/loader_tags.py", line 157, in render
    return compiled_parent._render(context)
  File "/var/www/aprm.kz/venv/lib/python3.10/site-packages/django/template/base.py", line 167, in _render
    return self.nodelist.render(context)
  File "/var/www/aprm.kz/venv/lib/python3.10/site-packages/django/template/base.py", line 1005, in render
    return SafeString("".join([node.render_annotated(context) for node in self]))
  File "/var/www/aprm.kz/venv/lib/python3.10/site-packages/django/template/base.py", line 1005, in <listcomp>
    return SafeString("".join([node.render_annotated(context) for node in self]))
  File "/var/www/aprm.kz/venv/lib/python3.10/site-packages/django/template/base.py", line 966, in render_annotated
    return self.render(context)
  File "/var/www/aprm.kz/venv/lib/python3.10/site-packages/django/template/loader_tags.py", line 157, in render
    return compiled_parent._render(context)
  File "/var/www/aprm.kz/venv/lib/python3.10/site-packages/django/template/base.py", line 167, in _render
    return self.nodelist.render(context)
  File "/var/www/aprm.kz/venv/lib/python3.10/site-packages/django/template/base.py", line 1005, in render
    return SafeString("".join([node.render_annotated(context) for node in self]))
  File "/var/www/aprm.kz/venv/lib/python3.10/site-packages/django/template/base.py", line 1005, in <listcomp>
    return SafeString("".join([node.render_annotated(context) for node in self]))
  File "/var/www/aprm.kz/venv/lib/python3.10/site-packages/django/template/base.py", line 966, in render_annotated
    return self.render(context)
  File "/var/www/aprm.kz/venv/lib/python3.10/site-packages/django/template/loader_tags.py", line 157, in render
    return compiled_parent._render(context)
  File "/var/www/aprm.kz/venv/lib/python3.10/site-packages/django/template/base.py", line 167, in _render
    return self.nodelist.render(context)
  File "/var/www/aprm.kz/venv/lib/python3.10/site-packages/django/template/base.py", line 1005, in render
    return SafeString("".join([node.render_annotated(context) for node in self]))
  File "/var/www/aprm.kz/venv/lib/python3.10/site-packages/django/template/base.py", line 1005, in <listcomp>
    return SafeString("".join([node.render_annotated(context) for node in self]))
  File "/var/www/aprm.kz/venv/lib/python3.10/site-packages/django/template/base.py", line 966, in render_annotated
    return self.render(context)
  File "/var/www/aprm.kz/venv/lib/python3.10/site-packages/django/template/loader_tags.py", line 157, in render
    return compiled_parent._render(context)
  File "/var/www/aprm.kz/venv/lib/python3.10/site-packages/django/template/base.py", line 167, in _render
    return self.nodelist.render(context)
  File "/var/www/aprm.kz/venv/lib/python3.10/site-packages/django/template/base.py", line 1005, in render
    return SafeString("".join([node.render_annotated(context) for node in self]))
  File "/var/www/aprm.kz/venv/lib/python3.10/site-packages/django/template/base.py", line 1005, in <listcomp>
    return SafeString("".join([node.render_annotated(context) for node in self]))
  File "/var/www/aprm.kz/venv/lib/python3.10/site-packages/django/template/base.py", line 966, in render_annotated
    return self.render(context)
  File "/var/www/aprm.kz/venv/lib/python3.10/site-packages/django/template/loader_tags.py", line 63, in render
    result = block.nodelist.render(context)
  File "/var/www/aprm.kz/venv/lib/python3.10/site-packages/django/template/base.py", line 1005, in render
    return SafeString("".join([node.render_annotated(context) for node in self]))
  File "/var/www/aprm.kz/venv/lib/python3.10/site-packages/django/template/base.py", line 1005, in <listcomp>
    return SafeString("".join([node.render_annotated(context) for node in self]))
  File "/var/www/aprm.kz/venv/lib/python3.10/site-packages/django/template/base.py", line 966, in render_annotated
    return self.render(context)
  File "/var/www/aprm.kz/venv/lib/python3.10/site-packages/django/template/loader_tags.py", line 63, in render
    result = block.nodelist.render(context)
  File "/var/www/aprm.kz/venv/lib/python3.10/site-packages/django/template/base.py", line 1005, in render
    return SafeString("".join([node.render_annotated(context) for node in self]))
  File "/var/www/aprm.kz/venv/lib/python3.10/site-packages/django/template/base.py", line 1005, in <listcomp>
    return SafeString("".join([node.render_annotated(context) for node in self]))
  File "/var/www/aprm.kz/venv/lib/python3.10/site-packages/django/template/base.py", line 966, in render_annotated
    return self.render(context)
  File "/var/www/aprm.kz/venv/lib/python3.10/site-packages/django/template/defaulttags.py", line 321, in render
    return nodelist.render(context)
  File "/var/www/aprm.kz/venv/lib/python3.10/site-packages/django/template/base.py", line 1005, in render
    return SafeString("".join([node.render_annotated(context) for node in self]))
  File "/var/www/aprm.kz/venv/lib/python3.10/site-packages/django/template/base.py", line 1005, in <listcomp>
    return SafeString("".join([node.render_annotated(context) for node in self]))
  File "/var/www/aprm.kz/venv/lib/python3.10/site-packages/django/template/base.py", line 966, in render_annotated
    return self.render(context)
  File "/var/www/aprm.kz/venv/lib/python3.10/site-packages/django/contrib/admin/templatetags/base.py", line 45, in render
    return super().render(context)
  File "/var/www/aprm.kz/venv/lib/python3.10/site-packages/django/template/library.py", line 278, in render
    return t.render(new_context)
  File "/var/www/aprm.kz/venv/lib/python3.10/site-packages/django/template/base.py", line 177, in render
    return self._render(context)
  File "/var/www/aprm.kz/venv/lib/python3.10/site-packages/django/template/base.py", line 167, in _render
    return self.nodelist.render(context)
  File "/var/www/aprm.kz/venv/lib/python3.10/site-packages/django/template/base.py", line 1005, in render
    return SafeString("".join([node.render_annotated(context) for node in self]))
  File "/var/www/aprm.kz/venv/lib/python3.10/site-packages/django/template/base.py", line 1005, in <listcomp>
    return SafeString("".join([node.render_annotated(context) for node in self]))
  File "/var/www/aprm.kz/venv/lib/python3.10/site-packages/django/template/base.py", line 966, in render_annotated
    return self.render(context)
  File "/var/www/aprm.kz/venv/lib/python3.10/site-packages/django/template/loader_tags.py", line 54, in render
    result = self.nodelist.render(context)
  File "/var/www/aprm.kz/venv/lib/python3.10/site-packages/django/template/base.py", line 1005, in render
    return SafeString("".join([node.render_annotated(context) for node in self]))
  File "/var/www/aprm.kz/venv/lib/python3.10/site-packages/django/template/base.py", line 1005, in <listcomp>
    return SafeString("".join([node.render_annotated(context) for node in self]))
  File "/var/www/aprm.kz/venv/lib/python3.10/site-packages/django/template/base.py", line 966, in render_annotated
    return self.render(context)
  File "/var/www/aprm.kz/venv/lib/python3.10/site-packages/django/template/loader_tags.py", line 54, in render
    result = self.nodelist.render(context)
  File "/var/www/aprm.kz/venv/lib/python3.10/site-packages/django/template/base.py", line 1005, in render
    return SafeString("".join([node.render_annotated(context) for node in self]))
  File "/var/www/aprm.kz/venv/lib/python3.10/site-packages/django/template/base.py", line 1005, in <listcomp>
    return SafeString("".join([node.render_annotated(context) for node in self]))
  File "/var/www/aprm.kz/venv/lib/python3.10/site-packages/django/template/base.py", line 966, in render_annotated
    return self.render(context)
  File "/var/www/aprm.kz/venv/lib/python3.10/site-packages/django/template/defaulttags.py", line 238, in render
    nodelist.append(node.render_annotated(context))
  File "/var/www/aprm.kz/venv/lib/python3.10/site-packages/django/template/base.py", line 966, in render_annotated
    return self.render(context)
  File "/var/www/aprm.kz/venv/lib/python3.10/site-packages/django/template/defaulttags.py", line 321, in render
    return nodelist.render(context)
  File "/var/www/aprm.kz/venv/lib/python3.10/site-packages/django/template/base.py", line 1005, in render
    return SafeString("".join([node.render_annotated(context) for node in self]))
  File "/var/www/aprm.kz/venv/lib/python3.10/site-packages/django/template/base.py", line 1005, in <listcomp>
    return SafeString("".join([node.render_annotated(context) for node in self]))
  File "/var/www/aprm.kz/venv/lib/python3.10/site-packages/django/template/base.py", line 966, in render_annotated
    return self.render(context)
  File "/var/www/aprm.kz/venv/lib/python3.10/site-packages/django/template/base.py", line 1070, in render
    return render_value_in_context(output, context)
  File "/var/www/aprm.kz/venv/lib/python3.10/site-packages/django/template/base.py", line 1047, in render_value_in_context
    value = str(value)
  File "/var/www/aprm.kz/venv/lib/python3.10/site-packages/django/utils/html.py", line 481, in <lambda>
    klass.__str__ = lambda self: mark_safe(klass_str(self))
  File "/var/www/aprm.kz/venv/lib/python3.10/site-packages/django/forms/boundfield.py", line 34, in __str__
    return self.as_widget()
  File "/var/www/aprm.kz/venv/lib/python3.10/site-packages/django/forms/boundfield.py", line 107, in as_widget
    return widget.render(
  File "/var/www/aprm.kz/venv/lib/python3.10/site-packages/django/forms/widgets.py", line 281, in render
    return self._render(self.template_name, context, renderer)
  File "/var/www/aprm.kz/venv/lib/python3.10/site-packages/django/forms/widgets.py", line 286, in _render
    return mark_safe(renderer.render(template_name, context))
  File "/var/www/aprm.kz/venv/lib/python3.10/site-packages/django/forms/renderers.py", line 28, in render
    template = self.get_template(template_name)
  File "/var/www/aprm.kz/venv/lib/python3.10/site-packages/django/forms/renderers.py", line 102, in get_template
    return get_template(template_name)
  File "/var/www/aprm.kz/venv/lib/python3.10/site-packages/django/template/loader.py", line 19, in get_template
    raise TemplateDoesNotExist(template_name, chain=chain)
django.template.exceptions.TemplateDoesNotExist: django/forms/widgets/select.html

The above exception was the direct cause of the following exception:

Traceback (most recent call last):
  File "/var/www/aprm.kz/venv/lib/python3.10/site-packages/django/core/handlers/base.py", line 220, in _get_response
    response = response.render()
  File "/var/www/aprm.kz/venv/lib/python3.10/site-packages/django/template/response.py", line 114, in render
    self.content = self.rendered_content
  File "/var/www/aprm.kz/venv/lib/python3.10/site-packages/django/template/response.py", line 92, in rendered_content
    return template.render(context, self._request)
  File "/var/www/aprm.kz/venv/lib/python3.10/site-packages/django/template/backends/django.py", line 63, in render
    reraise(exc, self.backend)
  File "/var/www/aprm.kz/venv/lib/python3.10/site-packages/django/template/backends/django.py", line 84, in reraise
    raise new from exc
django.template.exceptions.TemplateDoesNotExist: django/forms/widgets/select.html
ERROR 2025-09-02 01:44:02,372 error_tracking 1130032 139976117620736 Server error 500 for /ru/admin/myapp/specialist/
ERROR 2025-09-02 01:44:04,093 error_tracking 1130033 139976117620736 Unhandled exception in /ru/admin/myapp/specialist/82/change/: django/forms/errors/list/ul.html
Traceback (most recent call last):
  File "/var/www/aprm.kz/venv/lib/python3.10/site-packages/django/template/backends/django.py", line 61, in render
    return self.template.render(context)
  File "/var/www/aprm.kz/venv/lib/python3.10/site-packages/django/template/base.py", line 175, in render
    return self._render(context)
  File "/var/www/aprm.kz/venv/lib/python3.10/site-packages/django/template/base.py", line 167, in _render
    return self.nodelist.render(context)
  File "/var/www/aprm.kz/venv/lib/python3.10/site-packages/django/template/base.py", line 1005, in render
    return SafeString("".join([node.render_annotated(context) for node in self]))
  File "/var/www/aprm.kz/venv/lib/python3.10/site-packages/django/template/base.py", line 1005, in <listcomp>
    return SafeString("".join([node.render_annotated(context) for node in self]))
  File "/var/www/aprm.kz/venv/lib/python3.10/site-packages/django/template/base.py", line 966, in render_annotated
    return self.render(context)
  File "/var/www/aprm.kz/venv/lib/python3.10/site-packages/django/template/loader_tags.py", line 157, in render
    return compiled_parent._render(context)
  File "/var/www/aprm.kz/venv/lib/python3.10/site-packages/django/template/base.py", line 167, in _render
    return self.nodelist.render(context)
  File "/var/www/aprm.kz/venv/lib/python3.10/site-packages/django/template/base.py", line 1005, in render
    return SafeString("".join([node.render_annotated(context) for node in self]))
  File "/var/www/aprm.kz/venv/lib/python3.10/site-packages/django/template/base.py", line 1005, in <listcomp>
    return SafeString("".join([node.render_annotated(context) for node in self]))
  File "/var/www/aprm.kz/venv/lib/python3.10/site-packages/django/template/base.py", line 966, in render_annotated
    return self.render(context)
  File "/var/www/aprm.kz/venv/lib/python3.10/site-packages/django/template/loader_tags.py", line 157, in render
    return compiled_parent._render(context)
  File "/var/www/aprm.kz/venv/lib/python3.10/site-packages/django/template/base.py", line 167, in _render
    return self.nodelist.render(context)
  File "/var/www/aprm.kz/venv/lib/python3.10/site-packages/django/template/base.py", line 1005, in render
    return SafeString("".join([node.render_annotated(context) for node in self]))
  File "/var/www/aprm.kz/venv/lib/python3.10/site-packages/django/template/base.py", line 1005, in <listcomp>
    return SafeString("".join([node.render_annotated(context) for node in self]))
  File "/var/www/aprm.kz/venv/lib/python3.10/site-packages/django/template/base.py", line 966, in render_annotated
    return self.render(context)
  File "/var/www/aprm.kz/venv/lib/python3.10/site-packages/django/template/loader_tags.py", line 157, in render
    return compiled_parent._render(context)
  File "/var/www/aprm.kz/venv/lib/python3.10/site-packages/django/template/base.py", line 167, in _render
    return self.nodelist.render(context)
  File "/var/www/aprm.kz/venv/lib/python3.10/site-packages/django/template/base.py", line 1005, in render
    return SafeString("".join([node.render_annotated(context) for node in self]))
  File "/var/www/aprm.kz/venv/lib/python3.10/site-packages/django/template/base.py", line 1005, in <listcomp>
    return SafeString("".join([node.render_annotated(context) for node in self]))
  File "/var/www/aprm.kz/venv/lib/python3.10/site-packages/django/template/base.py", line 966, in render_annotated
    return self.render(context)
  File "/var/www/aprm.kz/venv/lib/python3.10/site-packages/django/template/loader_tags.py", line 63, in render
    result = block.nodelist.render(context)
  File "/var/www/aprm.kz/venv/lib/python3.10/site-packages/django/template/base.py", line 1005, in render
    return SafeString("".join([node.render_annotated(context) for node in self]))
  File "/var/www/aprm.kz/venv/lib/python3.10/site-packages/django/template/base.py", line 1005, in <listcomp>
    return SafeString("".join([node.render_annotated(context) for node in self]))
  File "/var/www/aprm.kz/venv/lib/python3.10/site-packages/django/template/base.py", line 966, in render_annotated
    return self.render(context)
  File "/var/www/aprm.kz/venv/lib/python3.10/site-packages/django/template/loader_tags.py", line 63, in render
    result = block.nodelist.render(context)
  File "/var/www/aprm.kz/venv/lib/python3.10/site-packages/django/template/base.py", line 1005, in render
    return SafeString("".join([node.render_annotated(context) for node in self]))
  File "/var/www/aprm.kz/venv/lib/python3.10/site-packages/django/template/base.py", line 1005, in <listcomp>
    return SafeString("".join([node.render_annotated(context) for node in self]))
  File "/var/www/aprm.kz/venv/lib/python3.10/site-packages/django/template/base.py", line 966, in render_annotated
    return self.render(context)
  File "/var/www/aprm.kz/venv/lib/python3.10/site-packages/django/template/defaulttags.py", line 321, in render
    return nodelist.render(context)
  File "/var/www/aprm.kz/venv/lib/python3.10/site-packages/django/template/base.py", line 1005, in render
    return SafeString("".join([node.render_annotated(context) for node in self]))
  File "/var/www/aprm.kz/venv/lib/python3.10/site-packages/django/template/base.py", line 1005, in <listcomp>
    return SafeString("".join([node.render_annotated(context) for node in self]))
  File "/var/www/aprm.kz/venv/lib/python3.10/site-packages/django/template/base.py", line 966, in render_annotated
    return self.render(context)
  File "/var/www/aprm.kz/venv/lib/python3.10/site-packages/django/template/base.py", line 1064, in render
    output = self.filter_expression.resolve(context)
  File "/var/www/aprm.kz/venv/lib/python3.10/site-packages/django/template/base.py", line 715, in resolve
    obj = self.var.resolve(context)
  File "/var/www/aprm.kz/venv/lib/python3.10/site-packages/django/template/base.py", line 847, in resolve
    value = self._resolve_lookup(context)
  File "/var/www/aprm.kz/venv/lib/python3.10/site-packages/django/template/base.py", line 914, in _resolve_lookup
    current = current()
  File "/var/www/aprm.kz/venv/lib/python3.10/site-packages/django/template/loader_tags.py", line 79, in super
    return mark_safe(self.render(self.context))
  File "/var/www/aprm.kz/venv/lib/python3.10/site-packages/django/template/loader_tags.py", line 63, in render
    result = block.nodelist.render(context)
  File "/var/www/aprm.kz/venv/lib/python3.10/site-packages/django/template/base.py", line 1005, in render
    return SafeString("".join([node.render_annotated(context) for node in self]))
  File "/var/www/aprm.kz/venv/lib/python3.10/site-packages/django/template/base.py", line 1005, in <listcomp>
    return SafeString("".join([node.render_annotated(context) for node in self]))
  File "/var/www/aprm.kz/venv/lib/python3.10/site-packages/django/template/base.py", line 966, in render_annotated
    return self.render(context)
  File "/var/www/aprm.kz/venv/lib/python3.10/site-packages/django/template/defaulttags.py", line 238, in render
    nodelist.append(node.render_annotated(context))
  File "/var/www/aprm.kz/venv/lib/python3.10/site-packages/django/template/base.py", line 966, in render_annotated
    return self.render(context)
  File "/var/www/aprm.kz/venv/lib/python3.10/site-packages/django/template/loader_tags.py", line 208, in render
    return template.render(context)
  File "/var/www/aprm.kz/venv/lib/python3.10/site-packages/django/template/base.py", line 177, in render
    return self._render(context)
  File "/var/www/aprm.kz/venv/lib/python3.10/site-packages/django/template/base.py", line 167, in _render
    return self.nodelist.render(context)
  File "/var/www/aprm.kz/venv/lib/python3.10/site-packages/django/template/base.py", line 1005, in render
    return SafeString("".join([node.render_annotated(context) for node in self]))
  File "/var/www/aprm.kz/venv/lib/python3.10/site-packages/django/template/base.py", line 1005, in <listcomp>
    return SafeString("".join([node.render_annotated(context) for node in self]))
  File "/var/www/aprm.kz/venv/lib/python3.10/site-packages/django/template/base.py", line 966, in render_annotated
    return self.render(context)
  File "/var/www/aprm.kz/venv/lib/python3.10/site-packages/django/template/defaulttags.py", line 238, in render
    nodelist.append(node.render_annotated(context))
  File "/var/www/aprm.kz/venv/lib/python3.10/site-packages/django/template/base.py", line 966, in render_annotated
    return self.render(context)
  File "/var/www/aprm.kz/venv/lib/python3.10/site-packages/django/template/defaulttags.py", line 321, in render
    return nodelist.render(context)
  File "/var/www/aprm.kz/venv/lib/python3.10/site-packages/django/template/base.py", line 1005, in render
    return SafeString("".join([node.render_annotated(context) for node in self]))
  File "/var/www/aprm.kz/venv/lib/python3.10/site-packages/django/template/base.py", line 1005, in <listcomp>
    return SafeString("".join([node.render_annotated(context) for node in self]))
  File "/var/www/aprm.kz/venv/lib/python3.10/site-packages/django/template/base.py", line 966, in render_annotated
    return self.render(context)
  File "/var/www/aprm.kz/venv/lib/python3.10/site-packages/django/template/base.py", line 1064, in render
    output = self.filter_expression.resolve(context)
  File "/var/www/aprm.kz/venv/lib/python3.10/site-packages/django/template/base.py", line 715, in resolve
    obj = self.var.resolve(context)
  File "/var/www/aprm.kz/venv/lib/python3.10/site-packages/django/template/base.py", line 847, in resolve
    value = self._resolve_lookup(context)
  File "/var/www/aprm.kz/venv/lib/python3.10/site-packages/django/template/base.py", line 914, in _resolve_lookup
    current = current()
  File "/var/www/aprm.kz/venv/lib/python3.10/site-packages/django/contrib/admin/helpers.py", line 160, in errors
    "\n".join(
  File "/var/www/aprm.kz/venv/lib/python3.10/site-packages/django/contrib/admin/helpers.py", line 161, in <genexpr>
    self.form[f].errors.as_ul()
  File "/var/www/aprm.kz/venv/lib/python3.10/site-packages/django/forms/utils.py", line 107, in as_ul
    return self.render(self.template_name_ul)
  File "/var/www/aprm.kz/venv/lib/python3.10/site-packages/django/forms/utils.py", line 75, in render
    return mark_safe(renderer.render(template, context))
  File "/var/www/aprm.kz/venv/lib/python3.10/site-packages/django/forms/renderers.py", line 28, in render
    template = self.get_template(template_name)
  File "/var/www/aprm.kz/venv/lib/python3.10/site-packages/django/forms/renderers.py", line 102, in get_template
    return get_template(template_name)
  File "/var/www/aprm.kz/venv/lib/python3.10/site-packages/django/template/loader.py", line 19, in get_template
    raise TemplateDoesNotExist(template_name, chain=chain)
django.template.exceptions.TemplateDoesNotExist: django/forms/errors/list/ul.html

The above exception was the direct cause of the following exception:

Traceback (most recent call last):
  File "/var/www/aprm.kz/venv/lib/python3.10/site-packages/django/core/handlers/base.py", line 220, in _get_response
    response = response.render()
  File "/var/www/aprm.kz/venv/lib/python3.10/site-packages/django/template/response.py", line 114, in render
    self.content = self.rendered_content
  File "/var/www/aprm.kz/venv/lib/python3.10/site-packages/django/template/response.py", line 92, in rendered_content
    return template.render(context, self._request)
  File "/var/www/aprm.kz/venv/lib/python3.10/site-packages/django/template/backends/django.py", line 63, in render
    reraise(exc, self.backend)
  File "/var/www/aprm.kz/venv/lib/python3.10/site-packages/django/template/backends/django.py", line 84, in reraise
    raise new from exc
django.template.exceptions.TemplateDoesNotExist: django/forms/errors/list/ul.html
ERROR 2025-09-02 01:44:04,147 error_tracking 1130033 139976117620736 Server error 500 for /ru/admin/myapp/specialist/82/change/
ERROR 2025-09-02 01:44:06,944 error_tracking 1130033 139976117620736 Unhandled exception in /ru/admin/myapp/specialist/: django/forms/widgets/select.html
Traceback (most recent call last):
  File "/var/www/aprm.kz/venv/lib/python3.10/site-packages/django/template/backends/django.py", line 61, in render
    return self.template.render(context)
  File "/var/www/aprm.kz/venv/lib/python3.10/site-packages/django/template/base.py", line 175, in render
    return self._render(context)
  File "/var/www/aprm.kz/venv/lib/python3.10/site-packages/django/template/base.py", line 167, in _render
    return self.nodelist.render(context)
  File "/var/www/aprm.kz/venv/lib/python3.10/site-packages/django/template/base.py", line 1005, in render
    return SafeString("".join([node.render_annotated(context) for node in self]))
  File "/var/www/aprm.kz/venv/lib/python3.10/site-packages/django/template/base.py", line 1005, in <listcomp>
    return SafeString("".join([node.render_annotated(context) for node in self]))
  File "/var/www/aprm.kz/venv/lib/python3.10/site-packages/django/template/base.py", line 966, in render_annotated
    return self.render(context)
  File "/var/www/aprm.kz/venv/lib/python3.10/site-packages/django/template/loader_tags.py", line 157, in render
    return compiled_parent._render(context)
  File "/var/www/aprm.kz/venv/lib/python3.10/site-packages/django/template/base.py", line 167, in _render
    return self.nodelist.render(context)
  File "/var/www/aprm.kz/venv/lib/python3.10/site-packages/django/template/base.py", line 1005, in render
    return SafeString("".join([node.render_annotated(context) for node in self]))
  File "/var/www/aprm.kz/venv/lib/python3.10/site-packages/django/template/base.py", line 1005, in <listcomp>
    return SafeString("".join([node.render_annotated(context) for node in self]))
  File "/var/www/aprm.kz/venv/lib/python3.10/site-packages/django/template/base.py", line 966, in render_annotated
    return self.render(context)
  File "/var/www/aprm.kz/venv/lib/python3.10/site-packages/django/template/loader_tags.py", line 157, in render
    return compiled_parent._render(context)
  File "/var/www/aprm.kz/venv/lib/python3.10/site-packages/django/template/base.py", line 167, in _render
    return self.nodelist.render(context)
  File "/var/www/aprm.kz/venv/lib/python3.10/site-packages/django/template/base.py", line 1005, in render
    return SafeString("".join([node.render_annotated(context) for node in self]))
  File "/var/www/aprm.kz/venv/lib/python3.10/site-packages/django/template/base.py", line 1005, in <listcomp>
    return SafeString("".join([node.render_annotated(context) for node in self]))
  File "/var/www/aprm.kz/venv/lib/python3.10/site-packages/django/template/base.py", line 966, in render_annotated
    return self.render(context)
  File "/var/www/aprm.kz/venv/lib/python3.10/site-packages/django/template/loader_tags.py", line 157, in render
    return compiled_parent._render(context)
  File "/var/www/aprm.kz/venv/lib/python3.10/site-packages/django/template/base.py", line 167, in _render
    return self.nodelist.render(context)
  File "/var/www/aprm.kz/venv/lib/python3.10/site-packages/django/template/base.py", line 1005, in render
    return SafeString("".join([node.render_annotated(context) for node in self]))
  File "/var/www/aprm.kz/venv/lib/python3.10/site-packages/django/template/base.py", line 1005, in <listcomp>
    return SafeString("".join([node.render_annotated(context) for node in self]))
  File "/var/www/aprm.kz/venv/lib/python3.10/site-packages/django/template/base.py", line 966, in render_annotated
    return self.render(context)
  File "/var/www/aprm.kz/venv/lib/python3.10/site-packages/django/template/loader_tags.py", line 157, in render
    return compiled_parent._render(context)
  File "/var/www/aprm.kz/venv/lib/python3.10/site-packages/django/template/base.py", line 167, in _render
    return self.nodelist.render(context)
  File "/var/www/aprm.kz/venv/lib/python3.10/site-packages/django/template/base.py", line 1005, in render
    return SafeString("".join([node.render_annotated(context) for node in self]))
  File "/var/www/aprm.kz/venv/lib/python3.10/site-packages/django/template/base.py", line 1005, in <listcomp>
    return SafeString("".join([node.render_annotated(context) for node in self]))
  File "/var/www/aprm.kz/venv/lib/python3.10/site-packages/django/template/base.py", line 966, in render_annotated
    return self.render(context)
  File "/var/www/aprm.kz/venv/lib/python3.10/site-packages/django/template/loader_tags.py", line 63, in render
    result = block.nodelist.render(context)
  File "/var/www/aprm.kz/venv/lib/python3.10/site-packages/django/template/base.py", line 1005, in render
    return SafeString("".join([node.render_annotated(context) for node in self]))
  File "/var/www/aprm.kz/venv/lib/python3.10/site-packages/django/template/base.py", line 1005, in <listcomp>
    return SafeString("".join([node.render_annotated(context) for node in self]))
  File "/var/www/aprm.kz/venv/lib/python3.10/site-packages/django/template/base.py", line 966, in render_annotated
    return self.render(context)
  File "/var/www/aprm.kz/venv/lib/python3.10/site-packages/django/template/loader_tags.py", line 63, in render
    result = block.nodelist.render(context)
  File "/var/www/aprm.kz/venv/lib/python3.10/site-packages/django/template/base.py", line 1005, in render
    return SafeString("".join([node.render_annotated(context) for node in self]))
  File "/var/www/aprm.kz/venv/lib/python3.10/site-packages/django/template/base.py", line 1005, in <listcomp>
    return SafeString("".join([node.render_annotated(context) for node in self]))
  File "/var/www/aprm.kz/venv/lib/python3.10/site-packages/django/template/base.py", line 966, in render_annotated
    return self.render(context)
  File "/var/www/aprm.kz/venv/lib/python3.10/site-packages/django/template/defaulttags.py", line 321, in render
    return nodelist.render(context)
  File "/var/www/aprm.kz/venv/lib/python3.10/site-packages/django/template/base.py", line 1005, in render
    return SafeString("".join([node.render_annotated(context) for node in self]))
  File "/var/www/aprm.kz/venv/lib/python3.10/site-packages/django/template/base.py", line 1005, in <listcomp>
    return SafeString("".join([node.render_annotated(context) for node in self]))
  File "/var/www/aprm.kz/venv/lib/python3.10/site-packages/django/template/base.py", line 966, in render_annotated
    return self.render(context)
  File "/var/www/aprm.kz/venv/lib/python3.10/site-packages/django/contrib/admin/templatetags/base.py", line 45, in render
    return super().render(context)
  File "/var/www/aprm.kz/venv/lib/python3.10/site-packages/django/template/library.py", line 278, in render
    return t.render(new_context)
  File "/var/www/aprm.kz/venv/lib/python3.10/site-packages/django/template/base.py", line 177, in render
    return self._render(context)
  File "/var/www/aprm.kz/venv/lib/python3.10/site-packages/django/template/base.py", line 167, in _render
    return self.nodelist.render(context)
  File "/var/www/aprm.kz/venv/lib/python3.10/site-packages/django/template/base.py", line 1005, in render
    return SafeString("".join([node.render_annotated(context) for node in self]))
  File "/var/www/aprm.kz/venv/lib/python3.10/site-packages/django/template/base.py", line 1005, in <listcomp>
    return SafeString("".join([node.render_annotated(context) for node in self]))
  File "/var/www/aprm.kz/venv/lib/python3.10/site-packages/django/template/base.py", line 966, in render_annotated
    return self.render(context)
  File "/var/www/aprm.kz/venv/lib/python3.10/site-packages/django/template/loader_tags.py", line 54, in render
    result = self.nodelist.render(context)
  File "/var/www/aprm.kz/venv/lib/python3.10/site-packages/django/template/base.py", line 1005, in render
    return SafeString("".join([node.render_annotated(context) for node in self]))
  File "/var/www/aprm.kz/venv/lib/python3.10/site-packages/django/template/base.py", line 1005, in <listcomp>
    return SafeString("".join([node.render_annotated(context) for node in self]))
  File "/var/www/aprm.kz/venv/lib/python3.10/site-packages/django/template/base.py", line 966, in render_annotated
    return self.render(context)
  File "/var/www/aprm.kz/venv/lib/python3.10/site-packages/django/template/loader_tags.py", line 54, in render
    result = self.nodelist.render(context)
  File "/var/www/aprm.kz/venv/lib/python3.10/site-packages/django/template/base.py", line 1005, in render
    return SafeString("".join([node.render_annotated(context) for node in self]))
  File "/var/www/aprm.kz/venv/lib/python3.10/site-packages/django/template/base.py", line 1005, in <listcomp>
    return SafeString("".join([node.render_annotated(context) for node in self]))
  File "/var/www/aprm.kz/venv/lib/python3.10/site-packages/django/template/base.py", line 966, in render_annotated
    return self.render(context)
  File "/var/www/aprm.kz/venv/lib/python3.10/site-packages/django/template/defaulttags.py", line 238, in render
    nodelist.append(node.render_annotated(context))
  File "/var/www/aprm.kz/venv/lib/python3.10/site-packages/django/template/base.py", line 966, in render_annotated
    return self.render(context)
  File "/var/www/aprm.kz/venv/lib/python3.10/site-packages/django/template/defaulttags.py", line 321, in render
    return nodelist.render(context)
  File "/var/www/aprm.kz/venv/lib/python3.10/site-packages/django/template/base.py", line 1005, in render
    return SafeString("".join([node.render_annotated(context) for node in self]))
  File "/var/www/aprm.kz/venv/lib/python3.10/site-packages/django/template/base.py", line 1005, in <listcomp>
    return SafeString("".join([node.render_annotated(context) for node in self]))
  File "/var/www/aprm.kz/venv/lib/python3.10/site-packages/django/template/base.py", line 966, in render_annotated
    return self.render(context)
  File "/var/www/aprm.kz/venv/lib/python3.10/site-packages/django/template/base.py", line 1070, in render
    return render_value_in_context(output, context)
  File "/var/www/aprm.kz/venv/lib/python3.10/site-packages/django/template/base.py", line 1047, in render_value_in_context
    value = str(value)
  File "/var/www/aprm.kz/venv/lib/python3.10/site-packages/django/utils/html.py", line 481, in <lambda>
    klass.__str__ = lambda self: mark_safe(klass_str(self))
  File "/var/www/aprm.kz/venv/lib/python3.10/site-packages/django/forms/boundfield.py", line 34, in __str__
    return self.as_widget()
  File "/var/www/aprm.kz/venv/lib/python3.10/site-packages/django/forms/boundfield.py", line 107, in as_widget
    return widget.render(
  File "/var/www/aprm.kz/venv/lib/python3.10/site-packages/django/forms/widgets.py", line 281, in render
    return self._render(self.template_name, context, renderer)
  File "/var/www/aprm.kz/venv/lib/python3.10/site-packages/django/forms/widgets.py", line 286, in _render
    return mark_safe(renderer.render(template_name, context))
  File "/var/www/aprm.kz/venv/lib/python3.10/site-packages/django/forms/renderers.py", line 28, in render
    template = self.get_template(template_name)
  File "/var/www/aprm.kz/venv/lib/python3.10/site-packages/django/forms/renderers.py", line 102, in get_template
    return get_template(template_name)
  File "/var/www/aprm.kz/venv/lib/python3.10/site-packages/django/template/loader.py", line 19, in get_template
    raise TemplateDoesNotExist(template_name, chain=chain)
django.template.exceptions.TemplateDoesNotExist: django/forms/widgets/select.html

The above exception was the direct cause of the following exception:

Traceback (most recent call last):
  File "/var/www/aprm.kz/venv/lib/python3.10/site-packages/django/core/handlers/base.py", line 220, in _get_response
    response = response.render()
  File "/var/www/aprm.kz/venv/lib/python3.10/site-packages/django/template/response.py", line 114, in render
    self.content = self.rendered_content
  File "/var/www/aprm.kz/venv/lib/python3.10/site-packages/django/template/response.py", line 92, in rendered_content
    return template.render(context, self._request)
  File "/var/www/aprm.kz/venv/lib/python3.10/site-packages/django/template/backends/django.py", line 63, in render
    reraise(exc, self.backend)
  File "/var/www/aprm.kz/venv/lib/python3.10/site-packages/django/template/backends/django.py", line 84, in reraise
    raise new from exc
django.template.exceptions.TemplateDoesNotExist: django/forms/widgets/select.html
ERROR 2025-09-02 01:44:06,996 error_tracking 1130033 139976117620736 Server error 500 for /ru/admin/myapp/specialist/
ERROR 2025-09-02 01:44:08,169 error_tracking 1130033 139976117620736 Unhandled exception in /ru/admin/myapp/specialist/: django/forms/widgets/select.html
Traceback (most recent call last):
  File "/var/www/aprm.kz/venv/lib/python3.10/site-packages/django/template/backends/django.py", line 61, in render
    return self.template.render(context)
  File "/var/www/aprm.kz/venv/lib/python3.10/site-packages/django/template/base.py", line 175, in render
    return self._render(context)
  File "/var/www/aprm.kz/venv/lib/python3.10/site-packages/django/template/base.py", line 167, in _render
    return self.nodelist.render(context)
  File "/var/www/aprm.kz/venv/lib/python3.10/site-packages/django/template/base.py", line 1005, in render
    return SafeString("".join([node.render_annotated(context) for node in self]))
  File "/var/www/aprm.kz/venv/lib/python3.10/site-packages/django/template/base.py", line 1005, in <listcomp>
    return SafeString("".join([node.render_annotated(context) for node in self]))
  File "/var/www/aprm.kz/venv/lib/python3.10/site-packages/django/template/base.py", line 966, in render_annotated
    return self.render(context)
  File "/var/www/aprm.kz/venv/lib/python3.10/site-packages/django/template/loader_tags.py", line 157, in render
    return compiled_parent._render(context)
  File "/var/www/aprm.kz/venv/lib/python3.10/site-packages/django/template/base.py", line 167, in _render
    return self.nodelist.render(context)
  File "/var/www/aprm.kz/venv/lib/python3.10/site-packages/django/template/base.py", line 1005, in render
    return SafeString("".join([node.render_annotated(context) for node in self]))
  File "/var/www/aprm.kz/venv/lib/python3.10/site-packages/django/template/base.py", line 1005, in <listcomp>
    return SafeString("".join([node.render_annotated(context) for node in self]))
  File "/var/www/aprm.kz/venv/lib/python3.10/site-packages/django/template/base.py", line 966, in render_annotated
    return self.render(context)
  File "/var/www/aprm.kz/venv/lib/python3.10/site-packages/django/template/loader_tags.py", line 157, in render
    return compiled_parent._render(context)
  File "/var/www/aprm.kz/venv/lib/python3.10/site-packages/django/template/base.py", line 167, in _render
    return self.nodelist.render(context)
  File "/var/www/aprm.kz/venv/lib/python3.10/site-packages/django/template/base.py", line 1005, in render
    return SafeString("".join([node.render_annotated(context) for node in self]))
  File "/var/www/aprm.kz/venv/lib/python3.10/site-packages/django/template/base.py", line 1005, in <listcomp>
    return SafeString("".join([node.render_annotated(context) for node in self]))
  File "/var/www/aprm.kz/venv/lib/python3.10/site-packages/django/template/base.py", line 966, in render_annotated
    return self.render(context)
  File "/var/www/aprm.kz/venv/lib/python3.10/site-packages/django/template/loader_tags.py", line 157, in render
    return compiled_parent._render(context)
  File "/var/www/aprm.kz/venv/lib/python3.10/site-packages/django/template/base.py", line 167, in _render
    return self.nodelist.render(context)
  File "/var/www/aprm.kz/venv/lib/python3.10/site-packages/django/template/base.py", line 1005, in render
    return SafeString("".join([node.render_annotated(context) for node in self]))
  File "/var/www/aprm.kz/venv/lib/python3.10/site-packages/django/template/base.py", line 1005, in <listcomp>
    return SafeString("".join([node.render_annotated(context) for node in self]))
  File "/var/www/aprm.kz/venv/lib/python3.10/site-packages/django/template/base.py", line 966, in render_annotated
    return self.render(context)
  File "/var/www/aprm.kz/venv/lib/python3.10/site-packages/django/template/loader_tags.py", line 157, in render
    return compiled_parent._render(context)
  File "/var/www/aprm.kz/venv/lib/python3.10/site-packages/django/template/base.py", line 167, in _render
    return self.nodelist.render(context)
  File "/var/www/aprm.kz/venv/lib/python3.10/site-packages/django/template/base.py", line 1005, in render
    return SafeString("".join([node.render_annotated(context) for node in self]))
  File "/var/www/aprm.kz/venv/lib/python3.10/site-packages/django/template/base.py", line 1005, in <listcomp>
    return SafeString("".join([node.render_annotated(context) for node in self]))
  File "/var/www/aprm.kz/venv/lib/python3.10/site-packages/django/template/base.py", line 966, in render_annotated
    return self.render(context)
  File "/var/www/aprm.kz/venv/lib/python3.10/site-packages/django/template/loader_tags.py", line 63, in render
    result = block.nodelist.render(context)
  File "/var/www/aprm.kz/venv/lib/python3.10/site-packages/django/template/base.py", line 1005, in render
    return SafeString("".join([node.render_annotated(context) for node in self]))
  File "/var/www/aprm.kz/venv/lib/python3.10/site-packages/django/template/base.py", line 1005, in <listcomp>
    return SafeString("".join([node.render_annotated(context) for node in self]))
  File "/var/www/aprm.kz/venv/lib/python3.10/site-packages/django/template/base.py", line 966, in render_annotated
    return self.render(context)
  File "/var/www/aprm.kz/venv/lib/python3.10/site-packages/django/template/loader_tags.py", line 63, in render
    result = block.nodelist.render(context)
  File "/var/www/aprm.kz/venv/lib/python3.10/site-packages/django/template/base.py", line 1005, in render
    return SafeString("".join([node.render_annotated(context) for node in self]))
  File "/var/www/aprm.kz/venv/lib/python3.10/site-packages/django/template/base.py", line 1005, in <listcomp>
    return SafeString("".join([node.render_annotated(context) for node in self]))
  File "/var/www/aprm.kz/venv/lib/python3.10/site-packages/django/template/base.py", line 966, in render_annotated
    return self.render(context)
  File "/var/www/aprm.kz/venv/lib/python3.10/site-packages/django/template/defaulttags.py", line 321, in render
    return nodelist.render(context)
  File "/var/www/aprm.kz/venv/lib/python3.10/site-packages/django/template/base.py", line 1005, in render
    return SafeString("".join([node.render_annotated(context) for node in self]))
  File "/var/www/aprm.kz/venv/lib/python3.10/site-packages/django/template/base.py", line 1005, in <listcomp>
    return SafeString("".join([node.render_annotated(context) for node in self]))
  File "/var/www/aprm.kz/venv/lib/python3.10/site-packages/django/template/base.py", line 966, in render_annotated
    return self.render(context)
  File "/var/www/aprm.kz/venv/lib/python3.10/site-packages/django/contrib/admin/templatetags/base.py", line 45, in render
    return super().render(context)
  File "/var/www/aprm.kz/venv/lib/python3.10/site-packages/django/template/library.py", line 278, in render
    return t.render(new_context)
  File "/var/www/aprm.kz/venv/lib/python3.10/site-packages/django/template/base.py", line 177, in render
    return self._render(context)
  File "/var/www/aprm.kz/venv/lib/python3.10/site-packages/django/template/base.py", line 167, in _render
    return self.nodelist.render(context)
  File "/var/www/aprm.kz/venv/lib/python3.10/site-packages/django/template/base.py", line 1005, in render
    return SafeString("".join([node.render_annotated(context) for node in self]))
  File "/var/www/aprm.kz/venv/lib/python3.10/site-packages/django/template/base.py", line 1005, in <listcomp>
    return SafeString("".join([node.render_annotated(context) for node in self]))
  File "/var/www/aprm.kz/venv/lib/python3.10/site-packages/django/template/base.py", line 966, in render_annotated
    return self.render(context)
  File "/var/www/aprm.kz/venv/lib/python3.10/site-packages/django/template/loader_tags.py", line 54, in render
    result = self.nodelist.render(context)
  File "/var/www/aprm.kz/venv/lib/python3.10/site-packages/django/template/base.py", line 1005, in render
    return SafeString("".join([node.render_annotated(context) for node in self]))
  File "/var/www/aprm.kz/venv/lib/python3.10/site-packages/django/template/base.py", line 1005, in <listcomp>
    return SafeString("".join([node.render_annotated(context) for node in self]))
  File "/var/www/aprm.kz/venv/lib/python3.10/site-packages/django/template/base.py", line 966, in render_annotated
    return self.render(context)
  File "/var/www/aprm.kz/venv/lib/python3.10/site-packages/django/template/loader_tags.py", line 54, in render
    result = self.nodelist.render(context)
  File "/var/www/aprm.kz/venv/lib/python3.10/site-packages/django/template/base.py", line 1005, in render
    return SafeString("".join([node.render_annotated(context) for node in self]))
  File "/var/www/aprm.kz/venv/lib/python3.10/site-packages/django/template/base.py", line 1005, in <listcomp>
    return SafeString("".join([node.render_annotated(context) for node in self]))
  File "/var/www/aprm.kz/venv/lib/python3.10/site-packages/django/template/base.py", line 966, in render_annotated
    return self.render(context)
  File "/var/www/aprm.kz/venv/lib/python3.10/site-packages/django/template/defaulttags.py", line 238, in render
    nodelist.append(node.render_annotated(context))
  File "/var/www/aprm.kz/venv/lib/python3.10/site-packages/django/template/base.py", line 966, in render_annotated
    return self.render(context)
  File "/var/www/aprm.kz/venv/lib/python3.10/site-packages/django/template/defaulttags.py", line 321, in render
    return nodelist.render(context)
  File "/var/www/aprm.kz/venv/lib/python3.10/site-packages/django/template/base.py", line 1005, in render
    return SafeString("".join([node.render_annotated(context) for node in self]))
  File "/var/www/aprm.kz/venv/lib/python3.10/site-packages/django/template/base.py", line 1005, in <listcomp>
    return SafeString("".join([node.render_annotated(context) for node in self]))
  File "/var/www/aprm.kz/venv/lib/python3.10/site-packages/django/template/base.py", line 966, in render_annotated
    return self.render(context)
  File "/var/www/aprm.kz/venv/lib/python3.10/site-packages/django/template/base.py", line 1070, in render
    return render_value_in_context(output, context)
  File "/var/www/aprm.kz/venv/lib/python3.10/site-packages/django/template/base.py", line 1047, in render_value_in_context
    value = str(value)
  File "/var/www/aprm.kz/venv/lib/python3.10/site-packages/django/utils/html.py", line 481, in <lambda>
    klass.__str__ = lambda self: mark_safe(klass_str(self))
  File "/var/www/aprm.kz/venv/lib/python3.10/site-packages/django/forms/boundfield.py", line 34, in __str__
    return self.as_widget()
  File "/var/www/aprm.kz/venv/lib/python3.10/site-packages/django/forms/boundfield.py", line 107, in as_widget
    return widget.render(
  File "/var/www/aprm.kz/venv/lib/python3.10/site-packages/django/forms/widgets.py", line 281, in render
    return self._render(self.template_name, context, renderer)
  File "/var/www/aprm.kz/venv/lib/python3.10/site-packages/django/forms/widgets.py", line 286, in _render
    return mark_safe(renderer.render(template_name, context))
  File "/var/www/aprm.kz/venv/lib/python3.10/site-packages/django/forms/renderers.py", line 28, in render
    template = self.get_template(template_name)
  File "/var/www/aprm.kz/venv/lib/python3.10/site-packages/django/forms/renderers.py", line 102, in get_template
    return get_template(template_name)
  File "/var/www/aprm.kz/venv/lib/python3.10/site-packages/django/template/loader.py", line 19, in get_template
    raise TemplateDoesNotExist(template_name, chain=chain)
django.template.exceptions.TemplateDoesNotExist: django/forms/widgets/select.html

The above exception was the direct cause of the following exception:

Traceback (most recent call last):
  File "/var/www/aprm.kz/venv/lib/python3.10/site-packages/django/core/handlers/base.py", line 220, in _get_response
    response = response.render()
  File "/var/www/aprm.kz/venv/lib/python3.10/site-packages/django/template/response.py", line 114, in render
    self.content = self.rendered_content
  File "/var/www/aprm.kz/venv/lib/python3.10/site-packages/django/template/response.py", line 92, in rendered_content
    return template.render(context, self._request)
  File "/var/www/aprm.kz/venv/lib/python3.10/site-packages/django/template/backends/django.py", line 63, in render
    reraise(exc, self.backend)
  File "/var/www/aprm.kz/venv/lib/python3.10/site-packages/django/template/backends/django.py", line 84, in reraise
    raise new from exc
django.template.exceptions.TemplateDoesNotExist: django/forms/widgets/select.html
ERROR 2025-09-02 01:44:08,217 error_tracking 1130033 139976117620736 Server error 500 for /ru/admin/myapp/specialist/
ERROR 2025-09-02 01:44:09,164 error_tracking 1130031 139976117620736 Unhandled exception in /ru/admin/myapp/specialist/: django/forms/widgets/select.html
Traceback (most recent call last):
  File "/var/www/aprm.kz/venv/lib/python3.10/site-packages/django/template/backends/django.py", line 61, in render
    return self.template.render(context)
  File "/var/www/aprm.kz/venv/lib/python3.10/site-packages/django/template/base.py", line 175, in render
    return self._render(context)
  File "/var/www/aprm.kz/venv/lib/python3.10/site-packages/django/template/base.py", line 167, in _render
    return self.nodelist.render(context)
  File "/var/www/aprm.kz/venv/lib/python3.10/site-packages/django/template/base.py", line 1005, in render
    return SafeString("".join([node.render_annotated(context) for node in self]))
  File "/var/www/aprm.kz/venv/lib/python3.10/site-packages/django/template/base.py", line 1005, in <listcomp>
    return SafeString("".join([node.render_annotated(context) for node in self]))
  File "/var/www/aprm.kz/venv/lib/python3.10/site-packages/django/template/base.py", line 966, in render_annotated
    return self.render(context)
  File "/var/www/aprm.kz/venv/lib/python3.10/site-packages/django/template/loader_tags.py", line 157, in render
    return compiled_parent._render(context)
  File "/var/www/aprm.kz/venv/lib/python3.10/site-packages/django/template/base.py", line 167, in _render
    return self.nodelist.render(context)
  File "/var/www/aprm.kz/venv/lib/python3.10/site-packages/django/template/base.py", line 1005, in render
    return SafeString("".join([node.render_annotated(context) for node in self]))
  File "/var/www/aprm.kz/venv/lib/python3.10/site-packages/django/template/base.py", line 1005, in <listcomp>
    return SafeString("".join([node.render_annotated(context) for node in self]))
  File "/var/www/aprm.kz/venv/lib/python3.10/site-packages/django/template/base.py", line 966, in render_annotated
    return self.render(context)
  File "/var/www/aprm.kz/venv/lib/python3.10/site-packages/django/template/loader_tags.py", line 157, in render
    return compiled_parent._render(context)
  File "/var/www/aprm.kz/venv/lib/python3.10/site-packages/django/template/base.py", line 167, in _render
    return self.nodelist.render(context)
  File "/var/www/aprm.kz/venv/lib/python3.10/site-packages/django/template/base.py", line 1005, in render
    return SafeString("".join([node.render_annotated(context) for node in self]))
  File "/var/www/aprm.kz/venv/lib/python3.10/site-packages/django/template/base.py", line 1005, in <listcomp>
    return SafeString("".join([node.render_annotated(context) for node in self]))
  File "/var/www/aprm.kz/venv/lib/python3.10/site-packages/django/template/base.py", line 966, in render_annotated
    return self.render(context)
  File "/var/www/aprm.kz/venv/lib/python3.10/site-packages/django/template/loader_tags.py", line 157, in render
    return compiled_parent._render(context)
  File "/var/www/aprm.kz/venv/lib/python3.10/site-packages/django/template/base.py", line 167, in _render
    return self.nodelist.render(context)
  File "/var/www/aprm.kz/venv/lib/python3.10/site-packages/django/template/base.py", line 1005, in render
    return SafeString("".join([node.render_annotated(context) for node in self]))
  File "/var/www/aprm.kz/venv/lib/python3.10/site-packages/django/template/base.py", line 1005, in <listcomp>
    return SafeString("".join([node.render_annotated(context) for node in self]))
  File "/var/www/aprm.kz/venv/lib/python3.10/site-packages/django/template/base.py", line 966, in render_annotated
    return self.render(context)
  File "/var/www/aprm.kz/venv/lib/python3.10/site-packages/django/template/loader_tags.py", line 157, in render
    return compiled_parent._render(context)
  File "/var/www/aprm.kz/venv/lib/python3.10/site-packages/django/template/base.py", line 167, in _render
    return self.nodelist.render(context)
  File "/var/www/aprm.kz/venv/lib/python3.10/site-packages/django/template/base.py", line 1005, in render
    return SafeString("".join([node.render_annotated(context) for node in self]))
  File "/var/www/aprm.kz/venv/lib/python3.10/site-packages/django/template/base.py", line 1005, in <listcomp>
    return SafeString("".join([node.render_annotated(context) for node in self]))
  File "/var/www/aprm.kz/venv/lib/python3.10/site-packages/django/template/base.py", line 966, in render_annotated
    return self.render(context)
  File "/var/www/aprm.kz/venv/lib/python3.10/site-packages/django/template/loader_tags.py", line 63, in render
    result = block.nodelist.render(context)
  File "/var/www/aprm.kz/venv/lib/python3.10/site-packages/django/template/base.py", line 1005, in render
    return SafeString("".join([node.render_annotated(context) for node in self]))
  File "/var/www/aprm.kz/venv/lib/python3.10/site-packages/django/template/base.py", line 1005, in <listcomp>
    return SafeString("".join([node.render_annotated(context) for node in self]))
  File "/var/www/aprm.kz/venv/lib/python3.10/site-packages/django/template/base.py", line 966, in render_annotated
    return self.render(context)
  File "/var/www/aprm.kz/venv/lib/python3.10/site-packages/django/template/loader_tags.py", line 63, in render
    result = block.nodelist.render(context)
  File "/var/www/aprm.kz/venv/lib/python3.10/site-packages/django/template/base.py", line 1005, in render
    return SafeString("".join([node.render_annotated(context) for node in self]))
  File "/var/www/aprm.kz/venv/lib/python3.10/site-packages/django/template/base.py", line 1005, in <listcomp>
    return SafeString("".join([node.render_annotated(context) for node in self]))
  File "/var/www/aprm.kz/venv/lib/python3.10/site-packages/django/template/base.py", line 966, in render_annotated
    return self.render(context)
  File "/var/www/aprm.kz/venv/lib/python3.10/site-packages/django/template/defaulttags.py", line 321, in render
    return nodelist.render(context)
  File "/var/www/aprm.kz/venv/lib/python3.10/site-packages/django/template/base.py", line 1005, in render
    return SafeString("".join([node.render_annotated(context) for node in self]))
  File "/var/www/aprm.kz/venv/lib/python3.10/site-packages/django/template/base.py", line 1005, in <listcomp>
    return SafeString("".join([node.render_annotated(context) for node in self]))
  File "/var/www/aprm.kz/venv/lib/python3.10/site-packages/django/template/base.py", line 966, in render_annotated
    return self.render(context)
  File "/var/www/aprm.kz/venv/lib/python3.10/site-packages/django/contrib/admin/templatetags/base.py", line 45, in render
    return super().render(context)
  File "/var/www/aprm.kz/venv/lib/python3.10/site-packages/django/template/library.py", line 278, in render
    return t.render(new_context)
  File "/var/www/aprm.kz/venv/lib/python3.10/site-packages/django/template/base.py", line 177, in render
    return self._render(context)
  File "/var/www/aprm.kz/venv/lib/python3.10/site-packages/django/template/base.py", line 167, in _render
    return self.nodelist.render(context)
  File "/var/www/aprm.kz/venv/lib/python3.10/site-packages/django/template/base.py", line 1005, in render
    return SafeString("".join([node.render_annotated(context) for node in self]))
  File "/var/www/aprm.kz/venv/lib/python3.10/site-packages/django/template/base.py", line 1005, in <listcomp>
    return SafeString("".join([node.render_annotated(context) for node in self]))
  File "/var/www/aprm.kz/venv/lib/python3.10/site-packages/django/template/base.py", line 966, in render_annotated
    return self.render(context)
  File "/var/www/aprm.kz/venv/lib/python3.10/site-packages/django/template/loader_tags.py", line 54, in render
    result = self.nodelist.render(context)
  File "/var/www/aprm.kz/venv/lib/python3.10/site-packages/django/template/base.py", line 1005, in render
    return SafeString("".join([node.render_annotated(context) for node in self]))
  File "/var/www/aprm.kz/venv/lib/python3.10/site-packages/django/template/base.py", line 1005, in <listcomp>
    return SafeString("".join([node.render_annotated(context) for node in self]))
  File "/var/www/aprm.kz/venv/lib/python3.10/site-packages/django/template/base.py", line 966, in render_annotated
    return self.render(context)
  File "/var/www/aprm.kz/venv/lib/python3.10/site-packages/django/template/loader_tags.py", line 54, in render
    result = self.nodelist.render(context)
  File "/var/www/aprm.kz/venv/lib/python3.10/site-packages/django/template/base.py", line 1005, in render
    return SafeString("".join([node.render_annotated(context) for node in self]))
  File "/var/www/aprm.kz/venv/lib/python3.10/site-packages/django/template/base.py", line 1005, in <listcomp>
    return SafeString("".join([node.render_annotated(context) for node in self]))
  File "/var/www/aprm.kz/venv/lib/python3.10/site-packages/django/template/base.py", line 966, in render_annotated
    return self.render(context)
  File "/var/www/aprm.kz/venv/lib/python3.10/site-packages/django/template/defaulttags.py", line 238, in render
    nodelist.append(node.render_annotated(context))
  File "/var/www/aprm.kz/venv/lib/python3.10/site-packages/django/template/base.py", line 966, in render_annotated
    return self.render(context)
  File "/var/www/aprm.kz/venv/lib/python3.10/site-packages/django/template/defaulttags.py", line 321, in render
    return nodelist.render(context)
  File "/var/www/aprm.kz/venv/lib/python3.10/site-packages/django/template/base.py", line 1005, in render
    return SafeString("".join([node.render_annotated(context) for node in self]))
  File "/var/www/aprm.kz/venv/lib/python3.10/site-packages/django/template/base.py", line 1005, in <listcomp>
    return SafeString("".join([node.render_annotated(context) for node in self]))
  File "/var/www/aprm.kz/venv/lib/python3.10/site-packages/django/template/base.py", line 966, in render_annotated
    return self.render(context)
  File "/var/www/aprm.kz/venv/lib/python3.10/site-packages/django/template/base.py", line 1070, in render
    return render_value_in_context(output, context)
  File "/var/www/aprm.kz/venv/lib/python3.10/site-packages/django/template/base.py", line 1047, in render_value_in_context
    value = str(value)
  File "/var/www/aprm.kz/venv/lib/python3.10/site-packages/django/utils/html.py", line 481, in <lambda>
    klass.__str__ = lambda self: mark_safe(klass_str(self))
  File "/var/www/aprm.kz/venv/lib/python3.10/site-packages/django/forms/boundfield.py", line 34, in __str__
    return self.as_widget()
  File "/var/www/aprm.kz/venv/lib/python3.10/site-packages/django/forms/boundfield.py", line 107, in as_widget
    return widget.render(
  File "/var/www/aprm.kz/venv/lib/python3.10/site-packages/django/forms/widgets.py", line 281, in render
    return self._render(self.template_name, context, renderer)
  File "/var/www/aprm.kz/venv/lib/python3.10/site-packages/django/forms/widgets.py", line 286, in _render
    return mark_safe(renderer.render(template_name, context))
  File "/var/www/aprm.kz/venv/lib/python3.10/site-packages/django/forms/renderers.py", line 28, in render
    template = self.get_template(template_name)
  File "/var/www/aprm.kz/venv/lib/python3.10/site-packages/django/forms/renderers.py", line 102, in get_template
    return get_template(template_name)
  File "/var/www/aprm.kz/venv/lib/python3.10/site-packages/django/template/loader.py", line 19, in get_template
    raise TemplateDoesNotExist(template_name, chain=chain)
django.template.exceptions.TemplateDoesNotExist: django/forms/widgets/select.html

The above exception was the direct cause of the following exception:

Traceback (most recent call last):
  File "/var/www/aprm.kz/venv/lib/python3.10/site-packages/django/core/handlers/base.py", line 220, in _get_response
    response = response.render()
  File "/var/www/aprm.kz/venv/lib/python3.10/site-packages/django/template/response.py", line 114, in render
    self.content = self.rendered_content
  File "/var/www/aprm.kz/venv/lib/python3.10/site-packages/django/template/response.py", line 92, in rendered_content
    return template.render(context, self._request)
  File "/var/www/aprm.kz/venv/lib/python3.10/site-packages/django/template/backends/django.py", line 63, in render
    reraise(exc, self.backend)
  File "/var/www/aprm.kz/venv/lib/python3.10/site-packages/django/template/backends/django.py", line 84, in reraise
    raise new from exc
django.template.exceptions.TemplateDoesNotExist: django/forms/widgets/select.html
ERROR 2025-09-02 01:44:09,215 error_tracking 1130031 139976117620736 Server error 500 for /ru/admin/myapp/specialist/
ERROR 2025-09-02 01:44:12,776 error_tracking 1130033 139976117620736 Unhandled exception in /ru/admin/myapp/specialist/: django/forms/widgets/select.html
Traceback (most recent call last):
  File "/var/www/aprm.kz/venv/lib/python3.10/site-packages/django/template/backends/django.py", line 61, in render
    return self.template.render(context)
  File "/var/www/aprm.kz/venv/lib/python3.10/site-packages/django/template/base.py", line 175, in render
    return self._render(context)
  File "/var/www/aprm.kz/venv/lib/python3.10/site-packages/django/template/base.py", line 167, in _render
    return self.nodelist.render(context)
  File "/var/www/aprm.kz/venv/lib/python3.10/site-packages/django/template/base.py", line 1005, in render
    return SafeString("".join([node.render_annotated(context) for node in self]))
  File "/var/www/aprm.kz/venv/lib/python3.10/site-packages/django/template/base.py", line 1005, in <listcomp>
    return SafeString("".join([node.render_annotated(context) for node in self]))
  File "/var/www/aprm.kz/venv/lib/python3.10/site-packages/django/template/base.py", line 966, in render_annotated
    return self.render(context)
  File "/var/www/aprm.kz/venv/lib/python3.10/site-packages/django/template/loader_tags.py", line 157, in render
    return compiled_parent._render(context)
  File "/var/www/aprm.kz/venv/lib/python3.10/site-packages/django/template/base.py", line 167, in _render
    return self.nodelist.render(context)
  File "/var/www/aprm.kz/venv/lib/python3.10/site-packages/django/template/base.py", line 1005, in render
    return SafeString("".join([node.render_annotated(context) for node in self]))
  File "/var/www/aprm.kz/venv/lib/python3.10/site-packages/django/template/base.py", line 1005, in <listcomp>
    return SafeString("".join([node.render_annotated(context) for node in self]))
  File "/var/www/aprm.kz/venv/lib/python3.10/site-packages/django/template/base.py", line 966, in render_annotated
    return self.render(context)
  File "/var/www/aprm.kz/venv/lib/python3.10/site-packages/django/template/loader_tags.py", line 157, in render
    return compiled_parent._render(context)
  File "/var/www/aprm.kz/venv/lib/python3.10/site-packages/django/template/base.py", line 167, in _render
    return self.nodelist.render(context)
  File "/var/www/aprm.kz/venv/lib/python3.10/site-packages/django/template/base.py", line 1005, in render
    return SafeString("".join([node.render_annotated(context) for node in self]))
  File "/var/www/aprm.kz/venv/lib/python3.10/site-packages/django/template/base.py", line 1005, in <listcomp>
    return SafeString("".join([node.render_annotated(context) for node in self]))
  File "/var/www/aprm.kz/venv/lib/python3.10/site-packages/django/template/base.py", line 966, in render_annotated
    return self.render(context)
  File "/var/www/aprm.kz/venv/lib/python3.10/site-packages/django/template/loader_tags.py", line 157, in render
    return compiled_parent._render(context)
  File "/var/www/aprm.kz/venv/lib/python3.10/site-packages/django/template/base.py", line 167, in _render
    return self.nodelist.render(context)
  File "/var/www/aprm.kz/venv/lib/python3.10/site-packages/django/template/base.py", line 1005, in render
    return SafeString("".join([node.render_annotated(context) for node in self]))
  File "/var/www/aprm.kz/venv/lib/python3.10/site-packages/django/template/base.py", line 1005, in <listcomp>
    return SafeString("".join([node.render_annotated(context) for node in self]))
  File "/var/www/aprm.kz/venv/lib/python3.10/site-packages/django/template/base.py", line 966, in render_annotated
    return self.render(context)
  File "/var/www/aprm.kz/venv/lib/python3.10/site-packages/django/template/loader_tags.py", line 157, in render
    return compiled_parent._render(context)
  File "/var/www/aprm.kz/venv/lib/python3.10/site-packages/django/template/base.py", line 167, in _render
    return self.nodelist.render(context)
  File "/var/www/aprm.kz/venv/lib/python3.10/site-packages/django/template/base.py", line 1005, in render
    return SafeString("".join([node.render_annotated(context) for node in self]))
  File "/var/www/aprm.kz/venv/lib/python3.10/site-packages/django/template/base.py", line 1005, in <listcomp>
    return SafeString("".join([node.render_annotated(context) for node in self]))
  File "/var/www/aprm.kz/venv/lib/python3.10/site-packages/django/template/base.py", line 966, in render_annotated
    return self.render(context)
  File "/var/www/aprm.kz/venv/lib/python3.10/site-packages/django/template/loader_tags.py", line 63, in render
    result = block.nodelist.render(context)
  File "/var/www/aprm.kz/venv/lib/python3.10/site-packages/django/template/base.py", line 1005, in render
    return SafeString("".join([node.render_annotated(context) for node in self]))
  File "/var/www/aprm.kz/venv/lib/python3.10/site-packages/django/template/base.py", line 1005, in <listcomp>
    return SafeString("".join([node.render_annotated(context) for node in self]))
  File "/var/www/aprm.kz/venv/lib/python3.10/site-packages/django/template/base.py", line 966, in render_annotated
    return self.render(context)
  File "/var/www/aprm.kz/venv/lib/python3.10/site-packages/django/template/loader_tags.py", line 63, in render
    result = block.nodelist.render(context)
  File "/var/www/aprm.kz/venv/lib/python3.10/site-packages/django/template/base.py", line 1005, in render
    return SafeString("".join([node.render_annotated(context) for node in self]))
  File "/var/www/aprm.kz/venv/lib/python3.10/site-packages/django/template/base.py", line 1005, in <listcomp>
    return SafeString("".join([node.render_annotated(context) for node in self]))
  File "/var/www/aprm.kz/venv/lib/python3.10/site-packages/django/template/base.py", line 966, in render_annotated
    return self.render(context)
  File "/var/www/aprm.kz/venv/lib/python3.10/site-packages/django/template/defaulttags.py", line 321, in render
    return nodelist.render(context)
  File "/var/www/aprm.kz/venv/lib/python3.10/site-packages/django/template/base.py", line 1005, in render
    return SafeString("".join([node.render_annotated(context) for node in self]))
  File "/var/www/aprm.kz/venv/lib/python3.10/site-packages/django/template/base.py", line 1005, in <listcomp>
    return SafeString("".join([node.render_annotated(context) for node in self]))
  File "/var/www/aprm.kz/venv/lib/python3.10/site-packages/django/template/base.py", line 966, in render_annotated
    return self.render(context)
  File "/var/www/aprm.kz/venv/lib/python3.10/site-packages/django/contrib/admin/templatetags/base.py", line 45, in render
    return super().render(context)
  File "/var/www/aprm.kz/venv/lib/python3.10/site-packages/django/template/library.py", line 278, in render
    return t.render(new_context)
  File "/var/www/aprm.kz/venv/lib/python3.10/site-packages/django/template/base.py", line 177, in render
    return self._render(context)
  File "/var/www/aprm.kz/venv/lib/python3.10/site-packages/django/template/base.py", line 167, in _render
    return self.nodelist.render(context)
  File "/var/www/aprm.kz/venv/lib/python3.10/site-packages/django/template/base.py", line 1005, in render
    return SafeString("".join([node.render_annotated(context) for node in self]))
  File "/var/www/aprm.kz/venv/lib/python3.10/site-packages/django/template/base.py", line 1005, in <listcomp>
    return SafeString("".join([node.render_annotated(context) for node in self]))
  File "/var/www/aprm.kz/venv/lib/python3.10/site-packages/django/template/base.py", line 966, in render_annotated
    return self.render(context)
  File "/var/www/aprm.kz/venv/lib/python3.10/site-packages/django/template/loader_tags.py", line 54, in render
    result = self.nodelist.render(context)
  File "/var/www/aprm.kz/venv/lib/python3.10/site-packages/django/template/base.py", line 1005, in render
    return SafeString("".join([node.render_annotated(context) for node in self]))
  File "/var/www/aprm.kz/venv/lib/python3.10/site-packages/django/template/base.py", line 1005, in <listcomp>
    return SafeString("".join([node.render_annotated(context) for node in self]))
  File "/var/www/aprm.kz/venv/lib/python3.10/site-packages/django/template/base.py", line 966, in render_annotated
    return self.render(context)
  File "/var/www/aprm.kz/venv/lib/python3.10/site-packages/django/template/loader_tags.py", line 54, in render
    result = self.nodelist.render(context)
  File "/var/www/aprm.kz/venv/lib/python3.10/site-packages/django/template/base.py", line 1005, in render
    return SafeString("".join([node.render_annotated(context) for node in self]))
  File "/var/www/aprm.kz/venv/lib/python3.10/site-packages/django/template/base.py", line 1005, in <listcomp>
    return SafeString("".join([node.render_annotated(context) for node in self]))
  File "/var/www/aprm.kz/venv/lib/python3.10/site-packages/django/template/base.py", line 966, in render_annotated
    return self.render(context)
  File "/var/www/aprm.kz/venv/lib/python3.10/site-packages/django/template/defaulttags.py", line 238, in render
    nodelist.append(node.render_annotated(context))
  File "/var/www/aprm.kz/venv/lib/python3.10/site-packages/django/template/base.py", line 966, in render_annotated
    return self.render(context)
  File "/var/www/aprm.kz/venv/lib/python3.10/site-packages/django/template/defaulttags.py", line 321, in render
    return nodelist.render(context)
  File "/var/www/aprm.kz/venv/lib/python3.10/site-packages/django/template/base.py", line 1005, in render
    return SafeString("".join([node.render_annotated(context) for node in self]))
  File "/var/www/aprm.kz/venv/lib/python3.10/site-packages/django/template/base.py", line 1005, in <listcomp>
    return SafeString("".join([node.render_annotated(context) for node in self]))
  File "/var/www/aprm.kz/venv/lib/python3.10/site-packages/django/template/base.py", line 966, in render_annotated
    return self.render(context)
  File "/var/www/aprm.kz/venv/lib/python3.10/site-packages/django/template/base.py", line 1070, in render
    return render_value_in_context(output, context)
  File "/var/www/aprm.kz/venv/lib/python3.10/site-packages/django/template/base.py", line 1047, in render_value_in_context
    value = str(value)
  File "/var/www/aprm.kz/venv/lib/python3.10/site-packages/django/utils/html.py", line 481, in <lambda>
    klass.__str__ = lambda self: mark_safe(klass_str(self))
  File "/var/www/aprm.kz/venv/lib/python3.10/site-packages/django/forms/boundfield.py", line 34, in __str__
    return self.as_widget()
  File "/var/www/aprm.kz/venv/lib/python3.10/site-packages/django/forms/boundfield.py", line 107, in as_widget
    return widget.render(
  File "/var/www/aprm.kz/venv/lib/python3.10/site-packages/django/forms/widgets.py", line 281, in render
    return self._render(self.template_name, context, renderer)
  File "/var/www/aprm.kz/venv/lib/python3.10/site-packages/django/forms/widgets.py", line 286, in _render
    return mark_safe(renderer.render(template_name, context))
  File "/var/www/aprm.kz/venv/lib/python3.10/site-packages/django/forms/renderers.py", line 28, in render
    template = self.get_template(template_name)
  File "/var/www/aprm.kz/venv/lib/python3.10/site-packages/django/forms/renderers.py", line 102, in get_template
    return get_template(template_name)
  File "/var/www/aprm.kz/venv/lib/python3.10/site-packages/django/template/loader.py", line 19, in get_template
    raise TemplateDoesNotExist(template_name, chain=chain)
django.template.exceptions.TemplateDoesNotExist: django/forms/widgets/select.html

The above exception was the direct cause of the following exception:

Traceback (most recent call last):
  File "/var/www/aprm.kz/venv/lib/python3.10/site-packages/django/core/handlers/base.py", line 220, in _get_response
    response = response.render()
  File "/var/www/aprm.kz/venv/lib/python3.10/site-packages/django/template/response.py", line 114, in render
    self.content = self.rendered_content
  File "/var/www/aprm.kz/venv/lib/python3.10/site-packages/django/template/response.py", line 92, in rendered_content
    return template.render(context, self._request)
  File "/var/www/aprm.kz/venv/lib/python3.10/site-packages/django/template/backends/django.py", line 63, in render
    reraise(exc, self.backend)
  File "/var/www/aprm.kz/venv/lib/python3.10/site-packages/django/template/backends/django.py", line 84, in reraise
    raise new from exc
django.template.exceptions.TemplateDoesNotExist: django/forms/widgets/select.html
ERROR 2025-09-02 01:44:12,828 error_tracking 1130033 139976117620736 Server error 500 for /ru/admin/myapp/specialist/
ERROR 2025-09-02 01:44:20,746 error_tracking 1130031 139976117620736 Unhandled exception in /ru/admin/myapp/specialist/: django/forms/widgets/select.html
Traceback (most recent call last):
  File "/var/www/aprm.kz/venv/lib/python3.10/site-packages/django/template/backends/django.py", line 61, in render
    return self.template.render(context)
  File "/var/www/aprm.kz/venv/lib/python3.10/site-packages/django/template/base.py", line 175, in render
    return self._render(context)
  File "/var/www/aprm.kz/venv/lib/python3.10/site-packages/django/template/base.py", line 167, in _render
    return self.nodelist.render(context)
  File "/var/www/aprm.kz/venv/lib/python3.10/site-packages/django/template/base.py", line 1005, in render
    return SafeString("".join([node.render_annotated(context) for node in self]))
  File "/var/www/aprm.kz/venv/lib/python3.10/site-packages/django/template/base.py", line 1005, in <listcomp>
    return SafeString("".join([node.render_annotated(context) for node in self]))
  File "/var/www/aprm.kz/venv/lib/python3.10/site-packages/django/template/base.py", line 966, in render_annotated
    return self.render(context)
  File "/var/www/aprm.kz/venv/lib/python3.10/site-packages/django/template/loader_tags.py", line 157, in render
    return compiled_parent._render(context)
  File "/var/www/aprm.kz/venv/lib/python3.10/site-packages/django/template/base.py", line 167, in _render
    return self.nodelist.render(context)
  File "/var/www/aprm.kz/venv/lib/python3.10/site-packages/django/template/base.py", line 1005, in render
    return SafeString("".join([node.render_annotated(context) for node in self]))
  File "/var/www/aprm.kz/venv/lib/python3.10/site-packages/django/template/base.py", line 1005, in <listcomp>
    return SafeString("".join([node.render_annotated(context) for node in self]))
  File "/var/www/aprm.kz/venv/lib/python3.10/site-packages/django/template/base.py", line 966, in render_annotated
    return self.render(context)
  File "/var/www/aprm.kz/venv/lib/python3.10/site-packages/django/template/loader_tags.py", line 157, in render
    return compiled_parent._render(context)
  File "/var/www/aprm.kz/venv/lib/python3.10/site-packages/django/template/base.py", line 167, in _render
    return self.nodelist.render(context)
  File "/var/www/aprm.kz/venv/lib/python3.10/site-packages/django/template/base.py", line 1005, in render
    return SafeString("".join([node.render_annotated(context) for node in self]))
  File "/var/www/aprm.kz/venv/lib/python3.10/site-packages/django/template/base.py", line 1005, in <listcomp>
    return SafeString("".join([node.render_annotated(context) for node in self]))
  File "/var/www/aprm.kz/venv/lib/python3.10/site-packages/django/template/base.py", line 966, in render_annotated
    return self.render(context)
  File "/var/www/aprm.kz/venv/lib/python3.10/site-packages/django/template/loader_tags.py", line 157, in render
    return compiled_parent._render(context)
  File "/var/www/aprm.kz/venv/lib/python3.10/site-packages/django/template/base.py", line 167, in _render
    return self.nodelist.render(context)
  File "/var/www/aprm.kz/venv/lib/python3.10/site-packages/django/template/base.py", line 1005, in render
    return SafeString("".join([node.render_annotated(context) for node in self]))
  File "/var/www/aprm.kz/venv/lib/python3.10/site-packages/django/template/base.py", line 1005, in <listcomp>
    return SafeString("".join([node.render_annotated(context) for node in self]))
  File "/var/www/aprm.kz/venv/lib/python3.10/site-packages/django/template/base.py", line 966, in render_annotated
    return self.render(context)
  File "/var/www/aprm.kz/venv/lib/python3.10/site-packages/django/template/loader_tags.py", line 157, in render
    return compiled_parent._render(context)
  File "/var/www/aprm.kz/venv/lib/python3.10/site-packages/django/template/base.py", line 167, in _render
    return self.nodelist.render(context)
  File "/var/www/aprm.kz/venv/lib/python3.10/site-packages/django/template/base.py", line 1005, in render
    return SafeString("".join([node.render_annotated(context) for node in self]))
  File "/var/www/aprm.kz/venv/lib/python3.10/site-packages/django/template/base.py", line 1005, in <listcomp>
    return SafeString("".join([node.render_annotated(context) for node in self]))
  File "/var/www/aprm.kz/venv/lib/python3.10/site-packages/django/template/base.py", line 966, in render_annotated
    return self.render(context)
  File "/var/www/aprm.kz/venv/lib/python3.10/site-packages/django/template/loader_tags.py", line 63, in render
    result = block.nodelist.render(context)
  File "/var/www/aprm.kz/venv/lib/python3.10/site-packages/django/template/base.py", line 1005, in render
    return SafeString("".join([node.render_annotated(context) for node in self]))
  File "/var/www/aprm.kz/venv/lib/python3.10/site-packages/django/template/base.py", line 1005, in <listcomp>
    return SafeString("".join([node.render_annotated(context) for node in self]))
  File "/var/www/aprm.kz/venv/lib/python3.10/site-packages/django/template/base.py", line 966, in render_annotated
    return self.render(context)
  File "/var/www/aprm.kz/venv/lib/python3.10/site-packages/django/template/loader_tags.py", line 63, in render
    result = block.nodelist.render(context)
  File "/var/www/aprm.kz/venv/lib/python3.10/site-packages/django/template/base.py", line 1005, in render
    return SafeString("".join([node.render_annotated(context) for node in self]))
  File "/var/www/aprm.kz/venv/lib/python3.10/site-packages/django/template/base.py", line 1005, in <listcomp>
    return SafeString("".join([node.render_annotated(context) for node in self]))
  File "/var/www/aprm.kz/venv/lib/python3.10/site-packages/django/template/base.py", line 966, in render_annotated
    return self.render(context)
  File "/var/www/aprm.kz/venv/lib/python3.10/site-packages/django/template/defaulttags.py", line 321, in render
    return nodelist.render(context)
  File "/var/www/aprm.kz/venv/lib/python3.10/site-packages/django/template/base.py", line 1005, in render
    return SafeString("".join([node.render_annotated(context) for node in self]))
  File "/var/www/aprm.kz/venv/lib/python3.10/site-packages/django/template/base.py", line 1005, in <listcomp>
    return SafeString("".join([node.render_annotated(context) for node in self]))
  File "/var/www/aprm.kz/venv/lib/python3.10/site-packages/django/template/base.py", line 966, in render_annotated
    return self.render(context)
  File "/var/www/aprm.kz/venv/lib/python3.10/site-packages/django/contrib/admin/templatetags/base.py", line 45, in render
    return super().render(context)
  File "/var/www/aprm.kz/venv/lib/python3.10/site-packages/django/template/library.py", line 278, in render
    return t.render(new_context)
  File "/var/www/aprm.kz/venv/lib/python3.10/site-packages/django/template/base.py", line 177, in render
    return self._render(context)
  File "/var/www/aprm.kz/venv/lib/python3.10/site-packages/django/template/base.py", line 167, in _render
    return self.nodelist.render(context)
  File "/var/www/aprm.kz/venv/lib/python3.10/site-packages/django/template/base.py", line 1005, in render
    return SafeString("".join([node.render_annotated(context) for node in self]))
  File "/var/www/aprm.kz/venv/lib/python3.10/site-packages/django/template/base.py", line 1005, in <listcomp>
    return SafeString("".join([node.render_annotated(context) for node in self]))
  File "/var/www/aprm.kz/venv/lib/python3.10/site-packages/django/template/base.py", line 966, in render_annotated
    return self.render(context)
  File "/var/www/aprm.kz/venv/lib/python3.10/site-packages/django/template/loader_tags.py", line 54, in render
    result = self.nodelist.render(context)
  File "/var/www/aprm.kz/venv/lib/python3.10/site-packages/django/template/base.py", line 1005, in render
    return SafeString("".join([node.render_annotated(context) for node in self]))
  File "/var/www/aprm.kz/venv/lib/python3.10/site-packages/django/template/base.py", line 1005, in <listcomp>
    return SafeString("".join([node.render_annotated(context) for node in self]))
  File "/var/www/aprm.kz/venv/lib/python3.10/site-packages/django/template/base.py", line 966, in render_annotated
    return self.render(context)
  File "/var/www/aprm.kz/venv/lib/python3.10/site-packages/django/template/loader_tags.py", line 54, in render
    result = self.nodelist.render(context)
  File "/var/www/aprm.kz/venv/lib/python3.10/site-packages/django/template/base.py", line 1005, in render
    return SafeString("".join([node.render_annotated(context) for node in self]))
  File "/var/www/aprm.kz/venv/lib/python3.10/site-packages/django/template/base.py", line 1005, in <listcomp>
    return SafeString("".join([node.render_annotated(context) for node in self]))
  File "/var/www/aprm.kz/venv/lib/python3.10/site-packages/django/template/base.py", line 966, in render_annotated
    return self.render(context)
  File "/var/www/aprm.kz/venv/lib/python3.10/site-packages/django/template/defaulttags.py", line 238, in render
    nodelist.append(node.render_annotated(context))
  File "/var/www/aprm.kz/venv/lib/python3.10/site-packages/django/template/base.py", line 966, in render_annotated
    return self.render(context)
  File "/var/www/aprm.kz/venv/lib/python3.10/site-packages/django/template/defaulttags.py", line 321, in render
    return nodelist.render(context)
  File "/var/www/aprm.kz/venv/lib/python3.10/site-packages/django/template/base.py", line 1005, in render
    return SafeString("".join([node.render_annotated(context) for node in self]))
  File "/var/www/aprm.kz/venv/lib/python3.10/site-packages/django/template/base.py", line 1005, in <listcomp>
    return SafeString("".join([node.render_annotated(context) for node in self]))
  File "/var/www/aprm.kz/venv/lib/python3.10/site-packages/django/template/base.py", line 966, in render_annotated
    return self.render(context)
  File "/var/www/aprm.kz/venv/lib/python3.10/site-packages/django/template/base.py", line 1070, in render
    return render_value_in_context(output, context)
  File "/var/www/aprm.kz/venv/lib/python3.10/site-packages/django/template/base.py", line 1047, in render_value_in_context
    value = str(value)
  File "/var/www/aprm.kz/venv/lib/python3.10/site-packages/django/utils/html.py", line 481, in <lambda>
    klass.__str__ = lambda self: mark_safe(klass_str(self))
  File "/var/www/aprm.kz/venv/lib/python3.10/site-packages/django/forms/boundfield.py", line 34, in __str__
    return self.as_widget()
  File "/var/www/aprm.kz/venv/lib/python3.10/site-packages/django/forms/boundfield.py", line 107, in as_widget
    return widget.render(
  File "/var/www/aprm.kz/venv/lib/python3.10/site-packages/django/forms/widgets.py", line 281, in render
    return self._render(self.template_name, context, renderer)
  File "/var/www/aprm.kz/venv/lib/python3.10/site-packages/django/forms/widgets.py", line 286, in _render
    return mark_safe(renderer.render(template_name, context))
  File "/var/www/aprm.kz/venv/lib/python3.10/site-packages/django/forms/renderers.py", line 28, in render
    template = self.get_template(template_name)
  File "/var/www/aprm.kz/venv/lib/python3.10/site-packages/django/forms/renderers.py", line 102, in get_template
    return get_template(template_name)
  File "/var/www/aprm.kz/venv/lib/python3.10/site-packages/django/template/loader.py", line 19, in get_template
    raise TemplateDoesNotExist(template_name, chain=chain)
django.template.exceptions.TemplateDoesNotExist: django/forms/widgets/select.html

The above exception was the direct cause of the following exception:

Traceback (most recent call last):
  File "/var/www/aprm.kz/venv/lib/python3.10/site-packages/django/core/handlers/base.py", line 220, in _get_response
    response = response.render()
  File "/var/www/aprm.kz/venv/lib/python3.10/site-packages/django/template/response.py", line 114, in render
    self.content = self.rendered_content
  File "/var/www/aprm.kz/venv/lib/python3.10/site-packages/django/template/response.py", line 92, in rendered_content
    return template.render(context, self._request)
  File "/var/www/aprm.kz/venv/lib/python3.10/site-packages/django/template/backends/django.py", line 63, in render
    reraise(exc, self.backend)
  File "/var/www/aprm.kz/venv/lib/python3.10/site-packages/django/template/backends/django.py", line 84, in reraise
    raise new from exc
django.template.exceptions.TemplateDoesNotExist: django/forms/widgets/select.html
ERROR 2025-09-02 01:44:20,794 error_tracking 1130031 139976117620736 Server error 500 for /ru/admin/myapp/specialist/
ERROR 2025-09-02 01:44:24,453 error_tracking 1130033 139976117620736 Unhandled exception in /ru/admin/myapp/specialist/: django/forms/widgets/select.html
Traceback (most recent call last):
  File "/var/www/aprm.kz/venv/lib/python3.10/site-packages/django/template/backends/django.py", line 61, in render
    return self.template.render(context)
  File "/var/www/aprm.kz/venv/lib/python3.10/site-packages/django/template/base.py", line 175, in render
    return self._render(context)
  File "/var/www/aprm.kz/venv/lib/python3.10/site-packages/django/template/base.py", line 167, in _render
    return self.nodelist.render(context)
  File "/var/www/aprm.kz/venv/lib/python3.10/site-packages/django/template/base.py", line 1005, in render
    return SafeString("".join([node.render_annotated(context) for node in self]))
  File "/var/www/aprm.kz/venv/lib/python3.10/site-packages/django/template/base.py", line 1005, in <listcomp>
    return SafeString("".join([node.render_annotated(context) for node in self]))
  File "/var/www/aprm.kz/venv/lib/python3.10/site-packages/django/template/base.py", line 966, in render_annotated
    return self.render(context)
  File "/var/www/aprm.kz/venv/lib/python3.10/site-packages/django/template/loader_tags.py", line 157, in render
    return compiled_parent._render(context)
  File "/var/www/aprm.kz/venv/lib/python3.10/site-packages/django/template/base.py", line 167, in _render
    return self.nodelist.render(context)
  File "/var/www/aprm.kz/venv/lib/python3.10/site-packages/django/template/base.py", line 1005, in render
    return SafeString("".join([node.render_annotated(context) for node in self]))
  File "/var/www/aprm.kz/venv/lib/python3.10/site-packages/django/template/base.py", line 1005, in <listcomp>
    return SafeString("".join([node.render_annotated(context) for node in self]))
  File "/var/www/aprm.kz/venv/lib/python3.10/site-packages/django/template/base.py", line 966, in render_annotated
    return self.render(context)
  File "/var/www/aprm.kz/venv/lib/python3.10/site-packages/django/template/loader_tags.py", line 157, in render
    return compiled_parent._render(context)
  File "/var/www/aprm.kz/venv/lib/python3.10/site-packages/django/template/base.py", line 167, in _render
    return self.nodelist.render(context)
  File "/var/www/aprm.kz/venv/lib/python3.10/site-packages/django/template/base.py", line 1005, in render
    return SafeString("".join([node.render_annotated(context) for node in self]))
  File "/var/www/aprm.kz/venv/lib/python3.10/site-packages/django/template/base.py", line 1005, in <listcomp>
    return SafeString("".join([node.render_annotated(context) for node in self]))
  File "/var/www/aprm.kz/venv/lib/python3.10/site-packages/django/template/base.py", line 966, in render_annotated
    return self.render(context)
  File "/var/www/aprm.kz/venv/lib/python3.10/site-packages/django/template/loader_tags.py", line 157, in render
    return compiled_parent._render(context)
  File "/var/www/aprm.kz/venv/lib/python3.10/site-packages/django/template/base.py", line 167, in _render
    return self.nodelist.render(context)
  File "/var/www/aprm.kz/venv/lib/python3.10/site-packages/django/template/base.py", line 1005, in render
    return SafeString("".join([node.render_annotated(context) for node in self]))
  File "/var/www/aprm.kz/venv/lib/python3.10/site-packages/django/template/base.py", line 1005, in <listcomp>
    return SafeString("".join([node.render_annotated(context) for node in self]))
  File "/var/www/aprm.kz/venv/lib/python3.10/site-packages/django/template/base.py", line 966, in render_annotated
    return self.render(context)
  File "/var/www/aprm.kz/venv/lib/python3.10/site-packages/django/template/loader_tags.py", line 157, in render
    return compiled_parent._render(context)
  File "/var/www/aprm.kz/venv/lib/python3.10/site-packages/django/template/base.py", line 167, in _render
    return self.nodelist.render(context)
  File "/var/www/aprm.kz/venv/lib/python3.10/site-packages/django/template/base.py", line 1005, in render
    return SafeString("".join([node.render_annotated(context) for node in self]))
  File "/var/www/aprm.kz/venv/lib/python3.10/site-packages/django/template/base.py", line 1005, in <listcomp>
    return SafeString("".join([node.render_annotated(context) for node in self]))
  File "/var/www/aprm.kz/venv/lib/python3.10/site-packages/django/template/base.py", line 966, in render_annotated
    return self.render(context)
  File "/var/www/aprm.kz/venv/lib/python3.10/site-packages/django/template/loader_tags.py", line 63, in render
    result = block.nodelist.render(context)
  File "/var/www/aprm.kz/venv/lib/python3.10/site-packages/django/template/base.py", line 1005, in render
    return SafeString("".join([node.render_annotated(context) for node in self]))
  File "/var/www/aprm.kz/venv/lib/python3.10/site-packages/django/template/base.py", line 1005, in <listcomp>
    return SafeString("".join([node.render_annotated(context) for node in self]))
  File "/var/www/aprm.kz/venv/lib/python3.10/site-packages/django/template/base.py", line 966, in render_annotated
    return self.render(context)
  File "/var/www/aprm.kz/venv/lib/python3.10/site-packages/django/template/loader_tags.py", line 63, in render
    result = block.nodelist.render(context)
  File "/var/www/aprm.kz/venv/lib/python3.10/site-packages/django/template/base.py", line 1005, in render
    return SafeString("".join([node.render_annotated(context) for node in self]))
  File "/var/www/aprm.kz/venv/lib/python3.10/site-packages/django/template/base.py", line 1005, in <listcomp>
    return SafeString("".join([node.render_annotated(context) for node in self]))
  File "/var/www/aprm.kz/venv/lib/python3.10/site-packages/django/template/base.py", line 966, in render_annotated
    return self.render(context)
  File "/var/www/aprm.kz/venv/lib/python3.10/site-packages/django/template/defaulttags.py", line 321, in render
    return nodelist.render(context)
  File "/var/www/aprm.kz/venv/lib/python3.10/site-packages/django/template/base.py", line 1005, in render
    return SafeString("".join([node.render_annotated(context) for node in self]))
  File "/var/www/aprm.kz/venv/lib/python3.10/site-packages/django/template/base.py", line 1005, in <listcomp>
    return SafeString("".join([node.render_annotated(context) for node in self]))
  File "/var/www/aprm.kz/venv/lib/python3.10/site-packages/django/template/base.py", line 966, in render_annotated
    return self.render(context)
  File "/var/www/aprm.kz/venv/lib/python3.10/site-packages/django/contrib/admin/templatetags/base.py", line 45, in render
    return super().render(context)
  File "/var/www/aprm.kz/venv/lib/python3.10/site-packages/django/template/library.py", line 278, in render
    return t.render(new_context)
  File "/var/www/aprm.kz/venv/lib/python3.10/site-packages/django/template/base.py", line 177, in render
    return self._render(context)
  File "/var/www/aprm.kz/venv/lib/python3.10/site-packages/django/template/base.py", line 167, in _render
    return self.nodelist.render(context)
  File "/var/www/aprm.kz/venv/lib/python3.10/site-packages/django/template/base.py", line 1005, in render
    return SafeString("".join([node.render_annotated(context) for node in self]))
  File "/var/www/aprm.kz/venv/lib/python3.10/site-packages/django/template/base.py", line 1005, in <listcomp>
    return SafeString("".join([node.render_annotated(context) for node in self]))
  File "/var/www/aprm.kz/venv/lib/python3.10/site-packages/django/template/base.py", line 966, in render_annotated
    return self.render(context)
  File "/var/www/aprm.kz/venv/lib/python3.10/site-packages/django/template/loader_tags.py", line 54, in render
    result = self.nodelist.render(context)
  File "/var/www/aprm.kz/venv/lib/python3.10/site-packages/django/template/base.py", line 1005, in render
    return SafeString("".join([node.render_annotated(context) for node in self]))
  File "/var/www/aprm.kz/venv/lib/python3.10/site-packages/django/template/base.py", line 1005, in <listcomp>
    return SafeString("".join([node.render_annotated(context) for node in self]))
  File "/var/www/aprm.kz/venv/lib/python3.10/site-packages/django/template/base.py", line 966, in render_annotated
    return self.render(context)
  File "/var/www/aprm.kz/venv/lib/python3.10/site-packages/django/template/loader_tags.py", line 54, in render
    result = self.nodelist.render(context)
  File "/var/www/aprm.kz/venv/lib/python3.10/site-packages/django/template/base.py", line 1005, in render
    return SafeString("".join([node.render_annotated(context) for node in self]))
  File "/var/www/aprm.kz/venv/lib/python3.10/site-packages/django/template/base.py", line 1005, in <listcomp>
    return SafeString("".join([node.render_annotated(context) for node in self]))
  File "/var/www/aprm.kz/venv/lib/python3.10/site-packages/django/template/base.py", line 966, in render_annotated
    return self.render(context)
  File "/var/www/aprm.kz/venv/lib/python3.10/site-packages/django/template/defaulttags.py", line 238, in render
    nodelist.append(node.render_annotated(context))
  File "/var/www/aprm.kz/venv/lib/python3.10/site-packages/django/template/base.py", line 966, in render_annotated
    return self.render(context)
  File "/var/www/aprm.kz/venv/lib/python3.10/site-packages/django/template/defaulttags.py", line 321, in render
    return nodelist.render(context)
  File "/var/www/aprm.kz/venv/lib/python3.10/site-packages/django/template/base.py", line 1005, in render
    return SafeString("".join([node.render_annotated(context) for node in self]))
  File "/var/www/aprm.kz/venv/lib/python3.10/site-packages/django/template/base.py", line 1005, in <listcomp>
    return SafeString("".join([node.render_annotated(context) for node in self]))
  File "/var/www/aprm.kz/venv/lib/python3.10/site-packages/django/template/base.py", line 966, in render_annotated
    return self.render(context)
  File "/var/www/aprm.kz/venv/lib/python3.10/site-packages/django/template/base.py", line 1070, in render
    return render_value_in_context(output, context)
  File "/var/www/aprm.kz/venv/lib/python3.10/site-packages/django/template/base.py", line 1047, in render_value_in_context
    value = str(value)
  File "/var/www/aprm.kz/venv/lib/python3.10/site-packages/django/utils/html.py", line 481, in <lambda>
    klass.__str__ = lambda self: mark_safe(klass_str(self))
  File "/var/www/aprm.kz/venv/lib/python3.10/site-packages/django/forms/boundfield.py", line 34, in __str__
    return self.as_widget()
  File "/var/www/aprm.kz/venv/lib/python3.10/site-packages/django/forms/boundfield.py", line 107, in as_widget
    return widget.render(
  File "/var/www/aprm.kz/venv/lib/python3.10/site-packages/django/forms/widgets.py", line 281, in render
    return self._render(self.template_name, context, renderer)
  File "/var/www/aprm.kz/venv/lib/python3.10/site-packages/django/forms/widgets.py", line 286, in _render
    return mark_safe(renderer.render(template_name, context))
  File "/var/www/aprm.kz/venv/lib/python3.10/site-packages/django/forms/renderers.py", line 28, in render
    template = self.get_template(template_name)
  File "/var/www/aprm.kz/venv/lib/python3.10/site-packages/django/forms/renderers.py", line 102, in get_template
    return get_template(template_name)
  File "/var/www/aprm.kz/venv/lib/python3.10/site-packages/django/template/loader.py", line 19, in get_template
    raise TemplateDoesNotExist(template_name, chain=chain)
django.template.exceptions.TemplateDoesNotExist: django/forms/widgets/select.html

The above exception was the direct cause of the following exception:

Traceback (most recent call last):
  File "/var/www/aprm.kz/venv/lib/python3.10/site-packages/django/core/handlers/base.py", line 220, in _get_response
    response = response.render()
  File "/var/www/aprm.kz/venv/lib/python3.10/site-packages/django/template/response.py", line 114, in render
    self.content = self.rendered_content
  File "/var/www/aprm.kz/venv/lib/python3.10/site-packages/django/template/response.py", line 92, in rendered_content
    return template.render(context, self._request)
  File "/var/www/aprm.kz/venv/lib/python3.10/site-packages/django/template/backends/django.py", line 63, in render
    reraise(exc, self.backend)
  File "/var/www/aprm.kz/venv/lib/python3.10/site-packages/django/template/backends/django.py", line 84, in reraise
    raise new from exc
django.template.exceptions.TemplateDoesNotExist: django/forms/widgets/select.html
ERROR 2025-09-02 01:44:24,497 error_tracking 1130033 139976117620736 Server error 500 for /ru/admin/myapp/specialist/
ERROR 2025-09-02 01:44:36,152 error_tracking 1130032 139976117620736 Unhandled exception in /ru/admin/myapp/specialist/82/change/: django/forms/errors/list/ul.html
Traceback (most recent call last):
  File "/var/www/aprm.kz/venv/lib/python3.10/site-packages/django/template/backends/django.py", line 61, in render
    return self.template.render(context)
  File "/var/www/aprm.kz/venv/lib/python3.10/site-packages/django/template/base.py", line 175, in render
    return self._render(context)
  File "/var/www/aprm.kz/venv/lib/python3.10/site-packages/django/template/base.py", line 167, in _render
    return self.nodelist.render(context)
  File "/var/www/aprm.kz/venv/lib/python3.10/site-packages/django/template/base.py", line 1005, in render
    return SafeString("".join([node.render_annotated(context) for node in self]))
  File "/var/www/aprm.kz/venv/lib/python3.10/site-packages/django/template/base.py", line 1005, in <listcomp>
    return SafeString("".join([node.render_annotated(context) for node in self]))
  File "/var/www/aprm.kz/venv/lib/python3.10/site-packages/django/template/base.py", line 966, in render_annotated
    return self.render(context)
  File "/var/www/aprm.kz/venv/lib/python3.10/site-packages/django/template/loader_tags.py", line 157, in render
    return compiled_parent._render(context)
  File "/var/www/aprm.kz/venv/lib/python3.10/site-packages/django/template/base.py", line 167, in _render
    return self.nodelist.render(context)
  File "/var/www/aprm.kz/venv/lib/python3.10/site-packages/django/template/base.py", line 1005, in render
    return SafeString("".join([node.render_annotated(context) for node in self]))
  File "/var/www/aprm.kz/venv/lib/python3.10/site-packages/django/template/base.py", line 1005, in <listcomp>
    return SafeString("".join([node.render_annotated(context) for node in self]))
  File "/var/www/aprm.kz/venv/lib/python3.10/site-packages/django/template/base.py", line 966, in render_annotated
    return self.render(context)
  File "/var/www/aprm.kz/venv/lib/python3.10/site-packages/django/template/loader_tags.py", line 157, in render
    return compiled_parent._render(context)
  File "/var/www/aprm.kz/venv/lib/python3.10/site-packages/django/template/base.py", line 167, in _render
    return self.nodelist.render(context)
  File "/var/www/aprm.kz/venv/lib/python3.10/site-packages/django/template/base.py", line 1005, in render
    return SafeString("".join([node.render_annotated(context) for node in self]))
  File "/var/www/aprm.kz/venv/lib/python3.10/site-packages/django/template/base.py", line 1005, in <listcomp>
    return SafeString("".join([node.render_annotated(context) for node in self]))
  File "/var/www/aprm.kz/venv/lib/python3.10/site-packages/django/template/base.py", line 966, in render_annotated
    return self.render(context)
  File "/var/www/aprm.kz/venv/lib/python3.10/site-packages/django/template/loader_tags.py", line 157, in render
    return compiled_parent._render(context)
  File "/var/www/aprm.kz/venv/lib/python3.10/site-packages/django/template/base.py", line 167, in _render
    return self.nodelist.render(context)
  File "/var/www/aprm.kz/venv/lib/python3.10/site-packages/django/template/base.py", line 1005, in render
    return SafeString("".join([node.render_annotated(context) for node in self]))
  File "/var/www/aprm.kz/venv/lib/python3.10/site-packages/django/template/base.py", line 1005, in <listcomp>
    return SafeString("".join([node.render_annotated(context) for node in self]))
  File "/var/www/aprm.kz/venv/lib/python3.10/site-packages/django/template/base.py", line 966, in render_annotated
    return self.render(context)
  File "/var/www/aprm.kz/venv/lib/python3.10/site-packages/django/template/loader_tags.py", line 63, in render
    result = block.nodelist.render(context)
  File "/var/www/aprm.kz/venv/lib/python3.10/site-packages/django/template/base.py", line 1005, in render
    return SafeString("".join([node.render_annotated(context) for node in self]))
  File "/var/www/aprm.kz/venv/lib/python3.10/site-packages/django/template/base.py", line 1005, in <listcomp>
    return SafeString("".join([node.render_annotated(context) for node in self]))
  File "/var/www/aprm.kz/venv/lib/python3.10/site-packages/django/template/base.py", line 966, in render_annotated
    return self.render(context)
  File "/var/www/aprm.kz/venv/lib/python3.10/site-packages/django/template/loader_tags.py", line 63, in render
    result = block.nodelist.render(context)
  File "/var/www/aprm.kz/venv/lib/python3.10/site-packages/django/template/base.py", line 1005, in render
    return SafeString("".join([node.render_annotated(context) for node in self]))
  File "/var/www/aprm.kz/venv/lib/python3.10/site-packages/django/template/base.py", line 1005, in <listcomp>
    return SafeString("".join([node.render_annotated(context) for node in self]))
  File "/var/www/aprm.kz/venv/lib/python3.10/site-packages/django/template/base.py", line 966, in render_annotated
    return self.render(context)
  File "/var/www/aprm.kz/venv/lib/python3.10/site-packages/django/template/defaulttags.py", line 321, in render
    return nodelist.render(context)
  File "/var/www/aprm.kz/venv/lib/python3.10/site-packages/django/template/base.py", line 1005, in render
    return SafeString("".join([node.render_annotated(context) for node in self]))
  File "/var/www/aprm.kz/venv/lib/python3.10/site-packages/django/template/base.py", line 1005, in <listcomp>
    return SafeString("".join([node.render_annotated(context) for node in self]))
  File "/var/www/aprm.kz/venv/lib/python3.10/site-packages/django/template/base.py", line 966, in render_annotated
    return self.render(context)
  File "/var/www/aprm.kz/venv/lib/python3.10/site-packages/django/template/base.py", line 1064, in render
    output = self.filter_expression.resolve(context)
  File "/var/www/aprm.kz/venv/lib/python3.10/site-packages/django/template/base.py", line 715, in resolve
    obj = self.var.resolve(context)
  File "/var/www/aprm.kz/venv/lib/python3.10/site-packages/django/template/base.py", line 847, in resolve
    value = self._resolve_lookup(context)
  File "/var/www/aprm.kz/venv/lib/python3.10/site-packages/django/template/base.py", line 914, in _resolve_lookup
    current = current()
  File "/var/www/aprm.kz/venv/lib/python3.10/site-packages/django/template/loader_tags.py", line 79, in super
    return mark_safe(self.render(self.context))
  File "/var/www/aprm.kz/venv/lib/python3.10/site-packages/django/template/loader_tags.py", line 63, in render
    result = block.nodelist.render(context)
  File "/var/www/aprm.kz/venv/lib/python3.10/site-packages/django/template/base.py", line 1005, in render
    return SafeString("".join([node.render_annotated(context) for node in self]))
  File "/var/www/aprm.kz/venv/lib/python3.10/site-packages/django/template/base.py", line 1005, in <listcomp>
    return SafeString("".join([node.render_annotated(context) for node in self]))
  File "/var/www/aprm.kz/venv/lib/python3.10/site-packages/django/template/base.py", line 966, in render_annotated
    return self.render(context)
  File "/var/www/aprm.kz/venv/lib/python3.10/site-packages/django/template/defaulttags.py", line 238, in render
    nodelist.append(node.render_annotated(context))
  File "/var/www/aprm.kz/venv/lib/python3.10/site-packages/django/template/base.py", line 966, in render_annotated
    return self.render(context)
  File "/var/www/aprm.kz/venv/lib/python3.10/site-packages/django/template/loader_tags.py", line 208, in render
    return template.render(context)
  File "/var/www/aprm.kz/venv/lib/python3.10/site-packages/django/template/base.py", line 177, in render
    return self._render(context)
  File "/var/www/aprm.kz/venv/lib/python3.10/site-packages/django/template/base.py", line 167, in _render
    return self.nodelist.render(context)
  File "/var/www/aprm.kz/venv/lib/python3.10/site-packages/django/template/base.py", line 1005, in render
    return SafeString("".join([node.render_annotated(context) for node in self]))
  File "/var/www/aprm.kz/venv/lib/python3.10/site-packages/django/template/base.py", line 1005, in <listcomp>
    return SafeString("".join([node.render_annotated(context) for node in self]))
  File "/var/www/aprm.kz/venv/lib/python3.10/site-packages/django/template/base.py", line 966, in render_annotated
    return self.render(context)
  File "/var/www/aprm.kz/venv/lib/python3.10/site-packages/django/template/defaulttags.py", line 238, in render
    nodelist.append(node.render_annotated(context))
  File "/var/www/aprm.kz/venv/lib/python3.10/site-packages/django/template/base.py", line 966, in render_annotated
    return self.render(context)
  File "/var/www/aprm.kz/venv/lib/python3.10/site-packages/django/template/defaulttags.py", line 321, in render
    return nodelist.render(context)
  File "/var/www/aprm.kz/venv/lib/python3.10/site-packages/django/template/base.py", line 1005, in render
    return SafeString("".join([node.render_annotated(context) for node in self]))
  File "/var/www/aprm.kz/venv/lib/python3.10/site-packages/django/template/base.py", line 1005, in <listcomp>
    return SafeString("".join([node.render_annotated(context) for node in self]))
  File "/var/www/aprm.kz/venv/lib/python3.10/site-packages/django/template/base.py", line 966, in render_annotated
    return self.render(context)
  File "/var/www/aprm.kz/venv/lib/python3.10/site-packages/django/template/base.py", line 1064, in render
    output = self.filter_expression.resolve(context)
  File "/var/www/aprm.kz/venv/lib/python3.10/site-packages/django/template/base.py", line 715, in resolve
    obj = self.var.resolve(context)
  File "/var/www/aprm.kz/venv/lib/python3.10/site-packages/django/template/base.py", line 847, in resolve
    value = self._resolve_lookup(context)
  File "/var/www/aprm.kz/venv/lib/python3.10/site-packages/django/template/base.py", line 914, in _resolve_lookup
    current = current()
  File "/var/www/aprm.kz/venv/lib/python3.10/site-packages/django/contrib/admin/helpers.py", line 160, in errors
    "\n".join(
  File "/var/www/aprm.kz/venv/lib/python3.10/site-packages/django/contrib/admin/helpers.py", line 161, in <genexpr>
    self.form[f].errors.as_ul()
  File "/var/www/aprm.kz/venv/lib/python3.10/site-packages/django/forms/utils.py", line 107, in as_ul
    return self.render(self.template_name_ul)
  File "/var/www/aprm.kz/venv/lib/python3.10/site-packages/django/forms/utils.py", line 75, in render
    return mark_safe(renderer.render(template, context))
  File "/var/www/aprm.kz/venv/lib/python3.10/site-packages/django/forms/renderers.py", line 28, in render
    template = self.get_template(template_name)
  File "/var/www/aprm.kz/venv/lib/python3.10/site-packages/django/forms/renderers.py", line 102, in get_template
    return get_template(template_name)
  File "/var/www/aprm.kz/venv/lib/python3.10/site-packages/django/template/loader.py", line 19, in get_template
    raise TemplateDoesNotExist(template_name, chain=chain)
django.template.exceptions.TemplateDoesNotExist: django/forms/errors/list/ul.html

The above exception was the direct cause of the following exception:

Traceback (most recent call last):
  File "/var/www/aprm.kz/venv/lib/python3.10/site-packages/django/core/handlers/base.py", line 220, in _get_response
    response = response.render()
  File "/var/www/aprm.kz/venv/lib/python3.10/site-packages/django/template/response.py", line 114, in render
    self.content = self.rendered_content
  File "/var/www/aprm.kz/venv/lib/python3.10/site-packages/django/template/response.py", line 92, in rendered_content
    return template.render(context, self._request)
  File "/var/www/aprm.kz/venv/lib/python3.10/site-packages/django/template/backends/django.py", line 63, in render
    reraise(exc, self.backend)
  File "/var/www/aprm.kz/venv/lib/python3.10/site-packages/django/template/backends/django.py", line 84, in reraise
    raise new from exc
django.template.exceptions.TemplateDoesNotExist: django/forms/errors/list/ul.html
ERROR 2025-09-02 01:44:36,214 error_tracking 1130032 139976117620736 Server error 500 for /ru/admin/myapp/specialist/82/change/
ERROR 2025-09-02 01:45:00,822 error_tracking 1130032 139976117620736 Unhandled exception in /ru/admin/myapp/specialist/: django/forms/widgets/select.html
Traceback (most recent call last):
  File "/var/www/aprm.kz/venv/lib/python3.10/site-packages/django/template/backends/django.py", line 61, in render
    return self.template.render(context)
  File "/var/www/aprm.kz/venv/lib/python3.10/site-packages/django/template/base.py", line 175, in render
    return self._render(context)
  File "/var/www/aprm.kz/venv/lib/python3.10/site-packages/django/template/base.py", line 167, in _render
    return self.nodelist.render(context)
  File "/var/www/aprm.kz/venv/lib/python3.10/site-packages/django/template/base.py", line 1005, in render
    return SafeString("".join([node.render_annotated(context) for node in self]))
  File "/var/www/aprm.kz/venv/lib/python3.10/site-packages/django/template/base.py", line 1005, in <listcomp>
    return SafeString("".join([node.render_annotated(context) for node in self]))
  File "/var/www/aprm.kz/venv/lib/python3.10/site-packages/django/template/base.py", line 966, in render_annotated
    return self.render(context)
  File "/var/www/aprm.kz/venv/lib/python3.10/site-packages/django/template/loader_tags.py", line 157, in render
    return compiled_parent._render(context)
  File "/var/www/aprm.kz/venv/lib/python3.10/site-packages/django/template/base.py", line 167, in _render
    return self.nodelist.render(context)
  File "/var/www/aprm.kz/venv/lib/python3.10/site-packages/django/template/base.py", line 1005, in render
    return SafeString("".join([node.render_annotated(context) for node in self]))
  File "/var/www/aprm.kz/venv/lib/python3.10/site-packages/django/template/base.py", line 1005, in <listcomp>
    return SafeString("".join([node.render_annotated(context) for node in self]))
  File "/var/www/aprm.kz/venv/lib/python3.10/site-packages/django/template/base.py", line 966, in render_annotated
    return self.render(context)
  File "/var/www/aprm.kz/venv/lib/python3.10/site-packages/django/template/loader_tags.py", line 157, in render
    return compiled_parent._render(context)
  File "/var/www/aprm.kz/venv/lib/python3.10/site-packages/django/template/base.py", line 167, in _render
    return self.nodelist.render(context)
  File "/var/www/aprm.kz/venv/lib/python3.10/site-packages/django/template/base.py", line 1005, in render
    return SafeString("".join([node.render_annotated(context) for node in self]))
  File "/var/www/aprm.kz/venv/lib/python3.10/site-packages/django/template/base.py", line 1005, in <listcomp>
    return SafeString("".join([node.render_annotated(context) for node in self]))
  File "/var/www/aprm.kz/venv/lib/python3.10/site-packages/django/template/base.py", line 966, in render_annotated
    return self.render(context)
  File "/var/www/aprm.kz/venv/lib/python3.10/site-packages/django/template/loader_tags.py", line 157, in render
    return compiled_parent._render(context)
  File "/var/www/aprm.kz/venv/lib/python3.10/site-packages/django/template/base.py", line 167, in _render
    return self.nodelist.render(context)
  File "/var/www/aprm.kz/venv/lib/python3.10/site-packages/django/template/base.py", line 1005, in render
    return SafeString("".join([node.render_annotated(context) for node in self]))
  File "/var/www/aprm.kz/venv/lib/python3.10/site-packages/django/template/base.py", line 1005, in <listcomp>
    return SafeString("".join([node.render_annotated(context) for node in self]))
  File "/var/www/aprm.kz/venv/lib/python3.10/site-packages/django/template/base.py", line 966, in render_annotated
    return self.render(context)
  File "/var/www/aprm.kz/venv/lib/python3.10/site-packages/django/template/loader_tags.py", line 157, in render
    return compiled_parent._render(context)
  File "/var/www/aprm.kz/venv/lib/python3.10/site-packages/django/template/base.py", line 167, in _render
    return self.nodelist.render(context)
  File "/var/www/aprm.kz/venv/lib/python3.10/site-packages/django/template/base.py", line 1005, in render
    return SafeString("".join([node.render_annotated(context) for node in self]))
  File "/var/www/aprm.kz/venv/lib/python3.10/site-packages/django/template/base.py", line 1005, in <listcomp>
    return SafeString("".join([node.render_annotated(context) for node in self]))
  File "/var/www/aprm.kz/venv/lib/python3.10/site-packages/django/template/base.py", line 966, in render_annotated
    return self.render(context)
  File "/var/www/aprm.kz/venv/lib/python3.10/site-packages/django/template/loader_tags.py", line 63, in render
    result = block.nodelist.render(context)
  File "/var/www/aprm.kz/venv/lib/python3.10/site-packages/django/template/base.py", line 1005, in render
    return SafeString("".join([node.render_annotated(context) for node in self]))
  File "/var/www/aprm.kz/venv/lib/python3.10/site-packages/django/template/base.py", line 1005, in <listcomp>
    return SafeString("".join([node.render_annotated(context) for node in self]))
  File "/var/www/aprm.kz/venv/lib/python3.10/site-packages/django/template/base.py", line 966, in render_annotated
    return self.render(context)
  File "/var/www/aprm.kz/venv/lib/python3.10/site-packages/django/template/loader_tags.py", line 63, in render
    result = block.nodelist.render(context)
  File "/var/www/aprm.kz/venv/lib/python3.10/site-packages/django/template/base.py", line 1005, in render
    return SafeString("".join([node.render_annotated(context) for node in self]))
  File "/var/www/aprm.kz/venv/lib/python3.10/site-packages/django/template/base.py", line 1005, in <listcomp>
    return SafeString("".join([node.render_annotated(context) for node in self]))
  File "/var/www/aprm.kz/venv/lib/python3.10/site-packages/django/template/base.py", line 966, in render_annotated
    return self.render(context)
  File "/var/www/aprm.kz/venv/lib/python3.10/site-packages/django/template/defaulttags.py", line 321, in render
    return nodelist.render(context)
  File "/var/www/aprm.kz/venv/lib/python3.10/site-packages/django/template/base.py", line 1005, in render
    return SafeString("".join([node.render_annotated(context) for node in self]))
  File "/var/www/aprm.kz/venv/lib/python3.10/site-packages/django/template/base.py", line 1005, in <listcomp>
    return SafeString("".join([node.render_annotated(context) for node in self]))
  File "/var/www/aprm.kz/venv/lib/python3.10/site-packages/django/template/base.py", line 966, in render_annotated
    return self.render(context)
  File "/var/www/aprm.kz/venv/lib/python3.10/site-packages/django/contrib/admin/templatetags/base.py", line 45, in render
    return super().render(context)
  File "/var/www/aprm.kz/venv/lib/python3.10/site-packages/django/template/library.py", line 278, in render
    return t.render(new_context)
  File "/var/www/aprm.kz/venv/lib/python3.10/site-packages/django/template/base.py", line 177, in render
    return self._render(context)
  File "/var/www/aprm.kz/venv/lib/python3.10/site-packages/django/template/base.py", line 167, in _render
    return self.nodelist.render(context)
  File "/var/www/aprm.kz/venv/lib/python3.10/site-packages/django/template/base.py", line 1005, in render
    return SafeString("".join([node.render_annotated(context) for node in self]))
  File "/var/www/aprm.kz/venv/lib/python3.10/site-packages/django/template/base.py", line 1005, in <listcomp>
    return SafeString("".join([node.render_annotated(context) for node in self]))
  File "/var/www/aprm.kz/venv/lib/python3.10/site-packages/django/template/base.py", line 966, in render_annotated
    return self.render(context)
  File "/var/www/aprm.kz/venv/lib/python3.10/site-packages/django/template/loader_tags.py", line 54, in render
    result = self.nodelist.render(context)
  File "/var/www/aprm.kz/venv/lib/python3.10/site-packages/django/template/base.py", line 1005, in render
    return SafeString("".join([node.render_annotated(context) for node in self]))
  File "/var/www/aprm.kz/venv/lib/python3.10/site-packages/django/template/base.py", line 1005, in <listcomp>
    return SafeString("".join([node.render_annotated(context) for node in self]))
  File "/var/www/aprm.kz/venv/lib/python3.10/site-packages/django/template/base.py", line 966, in render_annotated
    return self.render(context)
  File "/var/www/aprm.kz/venv/lib/python3.10/site-packages/django/template/loader_tags.py", line 54, in render
    result = self.nodelist.render(context)
  File "/var/www/aprm.kz/venv/lib/python3.10/site-packages/django/template/base.py", line 1005, in render
    return SafeString("".join([node.render_annotated(context) for node in self]))
  File "/var/www/aprm.kz/venv/lib/python3.10/site-packages/django/template/base.py", line 1005, in <listcomp>
    return SafeString("".join([node.render_annotated(context) for node in self]))
  File "/var/www/aprm.kz/venv/lib/python3.10/site-packages/django/template/base.py", line 966, in render_annotated
    return self.render(context)
  File "/var/www/aprm.kz/venv/lib/python3.10/site-packages/django/template/defaulttags.py", line 238, in render
    nodelist.append(node.render_annotated(context))
  File "/var/www/aprm.kz/venv/lib/python3.10/site-packages/django/template/base.py", line 966, in render_annotated
    return self.render(context)
  File "/var/www/aprm.kz/venv/lib/python3.10/site-packages/django/template/defaulttags.py", line 321, in render
    return nodelist.render(context)
  File "/var/www/aprm.kz/venv/lib/python3.10/site-packages/django/template/base.py", line 1005, in render
    return SafeString("".join([node.render_annotated(context) for node in self]))
  File "/var/www/aprm.kz/venv/lib/python3.10/site-packages/django/template/base.py", line 1005, in <listcomp>
    return SafeString("".join([node.render_annotated(context) for node in self]))
  File "/var/www/aprm.kz/venv/lib/python3.10/site-packages/django/template/base.py", line 966, in render_annotated
    return self.render(context)
  File "/var/www/aprm.kz/venv/lib/python3.10/site-packages/django/template/base.py", line 1070, in render
    return render_value_in_context(output, context)
  File "/var/www/aprm.kz/venv/lib/python3.10/site-packages/django/template/base.py", line 1047, in render_value_in_context
    value = str(value)
  File "/var/www/aprm.kz/venv/lib/python3.10/site-packages/django/utils/html.py", line 481, in <lambda>
    klass.__str__ = lambda self: mark_safe(klass_str(self))
  File "/var/www/aprm.kz/venv/lib/python3.10/site-packages/django/forms/boundfield.py", line 34, in __str__
    return self.as_widget()
  File "/var/www/aprm.kz/venv/lib/python3.10/site-packages/django/forms/boundfield.py", line 107, in as_widget
    return widget.render(
  File "/var/www/aprm.kz/venv/lib/python3.10/site-packages/django/forms/widgets.py", line 281, in render
    return self._render(self.template_name, context, renderer)
  File "/var/www/aprm.kz/venv/lib/python3.10/site-packages/django/forms/widgets.py", line 286, in _render
    return mark_safe(renderer.render(template_name, context))
  File "/var/www/aprm.kz/venv/lib/python3.10/site-packages/django/forms/renderers.py", line 28, in render
    template = self.get_template(template_name)
  File "/var/www/aprm.kz/venv/lib/python3.10/site-packages/django/forms/renderers.py", line 102, in get_template
    return get_template(template_name)
  File "/var/www/aprm.kz/venv/lib/python3.10/site-packages/django/template/loader.py", line 19, in get_template
    raise TemplateDoesNotExist(template_name, chain=chain)
django.template.exceptions.TemplateDoesNotExist: django/forms/widgets/select.html

The above exception was the direct cause of the following exception:

Traceback (most recent call last):
  File "/var/www/aprm.kz/venv/lib/python3.10/site-packages/django/core/handlers/base.py", line 220, in _get_response
    response = response.render()
  File "/var/www/aprm.kz/venv/lib/python3.10/site-packages/django/template/response.py", line 114, in render
    self.content = self.rendered_content
  File "/var/www/aprm.kz/venv/lib/python3.10/site-packages/django/template/response.py", line 92, in rendered_content
    return template.render(context, self._request)
  File "/var/www/aprm.kz/venv/lib/python3.10/site-packages/django/template/backends/django.py", line 63, in render
    reraise(exc, self.backend)
  File "/var/www/aprm.kz/venv/lib/python3.10/site-packages/django/template/backends/django.py", line 84, in reraise
    raise new from exc
django.template.exceptions.TemplateDoesNotExist: django/forms/widgets/select.html
ERROR 2025-09-02 01:45:00,894 error_tracking 1130032 139976117620736 Server error 500 for /ru/admin/myapp/specialist/
WARNING 2025-09-02 01:46:25,606 error_tracking 1130515 139717711486976 Client error 404 for /
WARNING 2025-09-02 01:47:14,443 views 1130515 139717711486976 Form validation failed: <ul class="errorlist"><li>birth_date<ul class="errorlist"><li>Проверьте правильность даты рождения</li></ul></li></ul>
WARNING 2025-09-02 01:47:14,443 error_tracking 1130515 139717711486976 Client error 400 for /ru/
WARNING 2025-09-02 01:47:14,455 views 1130513 139717711486976 Form validation failed: <ul class="errorlist"><li>birth_date<ul class="errorlist"><li>Проверьте правильность даты рождения</li></ul></li></ul>
WARNING 2025-09-02 01:47:14,455 error_tracking 1130513 139717711486976 Client error 400 for /ru/
WARNING 2025-09-02 01:47:25,512 views 1130514 139717711486976 Form validation failed: <ul class="errorlist"><li>birth_date<ul class="errorlist"><li>Проверьте правильность даты рождения</li></ul></li></ul>
WARNING 2025-09-02 01:47:25,513 error_tracking 1130514 139717711486976 Client error 400 for /ru/
WARNING 2025-09-02 01:47:25,515 views 1130513 139717711486976 Form validation failed: <ul class="errorlist"><li>birth_date<ul class="errorlist"><li>Проверьте правильность даты рождения</li></ul></li></ul>
WARNING 2025-09-02 01:47:25,516 error_tracking 1130513 139717711486976 Client error 400 for /ru/
WARNING 2025-09-02 01:48:14,226 views 1130515 139717711486976 Form validation failed: <ul class="errorlist"><li>__all__<ul class="errorlist nonfield"><li>Стаж работы не может превышать возраст минус 16 лет</li></ul></li></ul>
ERROR 2025-09-02 01:48:14,226 error_tracking 1130515 139717711486976 Unhandled exception in /ru/: 'dict' object has no attribute 'label'
Traceback (most recent call last):
  File "/var/www/aprm.kz/venv/lib/python3.10/site-packages/django/core/handlers/base.py", line 197, in _get_response
    response = wrapped_callback(request, *callback_args, **callback_kwargs)
  File "/var/www/aprm.kz/venv/lib/python3.10/site-packages/django/utils/decorators.py", line 134, in _wrapper_view
    response = view_func(request, *args, **kwargs)
  File "/var/www/aprm.kz/venv/lib/python3.10/site-packages/django/views/decorators/http.py", line 43, in inner
    return func(request, *args, **kwargs)
  File "/var/www/aprm.kz/myapp/views.py", line 335, in index
    field_name = form.fields.get(field, {}).label or field
AttributeError: 'dict' object has no attribute 'label'
WARNING 2025-09-02 01:48:14,231 views 1130513 139717711486976 Form validation failed: <ul class="errorlist"><li>__all__<ul class="errorlist nonfield"><li>Стаж работы не может превышать возраст минус 16 лет</li></ul></li></ul>
ERROR 2025-09-02 01:48:14,232 error_tracking 1130513 139717711486976 Unhandled exception in /ru/: 'dict' object has no attribute 'label'
Traceback (most recent call last):
  File "/var/www/aprm.kz/venv/lib/python3.10/site-packages/django/core/handlers/base.py", line 197, in _get_response
    response = wrapped_callback(request, *callback_args, **callback_kwargs)
  File "/var/www/aprm.kz/venv/lib/python3.10/site-packages/django/utils/decorators.py", line 134, in _wrapper_view
    response = view_func(request, *args, **kwargs)
  File "/var/www/aprm.kz/venv/lib/python3.10/site-packages/django/views/decorators/http.py", line 43, in inner
    return func(request, *args, **kwargs)
  File "/var/www/aprm.kz/myapp/views.py", line 335, in index
    field_name = form.fields.get(field, {}).label or field
AttributeError: 'dict' object has no attribute 'label'
ERROR 2025-09-02 01:48:14,252 error_tracking 1130515 139717711486976 Server error 500 for /ru/
ERROR 2025-09-02 01:48:14,261 error_tracking 1130513 139717711486976 Server error 500 for /ru/
